TRACE::2024-02-26.12:24:19::SCWPlatform::Trying to open the hw design at C:/Users/UserTP/Desktop/FPGA1-main/Partie3/workspace/TP3_HW/hw/TP3_wrapper.xsa
TRACE::2024-02-26.12:24:19::SCWPlatform::DSA given C:/Users/UserTP/Desktop/FPGA1-main/Partie3/workspace/TP3_HW/hw/TP3_wrapper.xsa
TRACE::2024-02-26.12:24:19::SCWPlatform::DSA absoulate path C:/Users/UserTP/Desktop/FPGA1-main/Partie3/workspace/TP3_HW/hw/TP3_wrapper.xsa
TRACE::2024-02-26.12:24:21::SCWPlatform::DSA directory C:/Users/UserTP/Desktop/FPGA1-main/Partie3/workspace/TP3_HW/hw
TRACE::2024-02-26.12:24:21::SCWPlatform:: Platform Path C:/Users/UserTP/Desktop/FPGA1-main/Partie3/workspace/TP3_HW/hw/TP3_wrapper.xsa
TRACE::2024-02-26.12:24:21::SCWPlatform:: Unique name xilinx:basys3::0.0
TRACE::2024-02-26.12:24:21::SCWPlatform::Do not have an existing db opened. 
TRACE::2024-02-26.12:24:21::SCWPlatform::Opened new HwDB with name TP3_wrapper_0
TRACE::2024-02-26.12:24:21::SCWWriter::formatted JSON is {
	"platformName":	"TP3_HW",
	"sprVersion":	"2.0",
	"mode":	"gui",
	"dsaType":	"Fixed",
	"platformDesc":	"TP3_HW",
	"platHandOff":	"C:/Users/UserTP/Desktop/FPGA1-main/Partie 2/project_2/TP3_wrapper.xsa",
	"platIntHandOff":	"<platformDir>/hw/TP3_wrapper.xsa",
	"deviceType":	"FPGA",
	"platIsPrebuiltAutogen":	"false",
	"platIsNoBootBsp":	"false",
	"hasFsblMakeHasChanges":	"false",
	"hasPmufwMakeHasChanges":	"false",
	"platPreBuiltFlag":	false,
	"platformSamplesDir":	""
}
TRACE::2024-02-26.12:24:21::SCWWriter::formatted JSON is {
	"platformName":	"TP3_HW",
	"sprVersion":	"2.0",
	"mode":	"gui",
	"dsaType":	"Fixed",
	"platformDesc":	"TP3_HW",
	"platHandOff":	"C:/Users/UserTP/Desktop/FPGA1-main/Partie 2/project_2/TP3_wrapper.xsa",
	"platIntHandOff":	"<platformDir>/hw/TP3_wrapper.xsa",
	"deviceType":	"FPGA",
	"platIsPrebuiltAutogen":	"false",
	"platIsNoBootBsp":	"false",
	"hasFsblMakeHasChanges":	"false",
	"hasPmufwMakeHasChanges":	"false",
	"platPreBuiltFlag":	false,
	"platformSamplesDir":	"",
	"platActiveSys":	"TP3_HW",
	"systems":	[{
			"systemName":	"TP3_HW",
			"systemDesc":	"TP3_HW",
			"sysIsBootAutoGen":	"true",
			"systemDispName":	"TP3_HW"
		}]
}
TRACE::2024-02-26.12:24:21::SCWPlatform::Boot application domains not present, creating them
TRACE::2024-02-26.12:24:21::SCWPlatform::Pure FPGA device, no boot application will be created.
TRACE::2024-02-26.12:24:21::SCWWriter::formatted JSON is {
	"platformName":	"TP3_HW",
	"sprVersion":	"2.0",
	"mode":	"gui",
	"dsaType":	"Fixed",
	"platformDesc":	"TP3_HW",
	"platHandOff":	"C:/Users/UserTP/Desktop/FPGA1-main/Partie 2/project_2/TP3_wrapper.xsa",
	"platIntHandOff":	"<platformDir>/hw/TP3_wrapper.xsa",
	"deviceType":	"FPGA",
	"platIsPrebuiltAutogen":	"false",
	"platIsNoBootBsp":	"false",
	"hasFsblMakeHasChanges":	"false",
	"hasPmufwMakeHasChanges":	"false",
	"platPreBuiltFlag":	false,
	"platformSamplesDir":	"",
	"platActiveSys":	"TP3_HW",
	"systems":	[{
			"systemName":	"TP3_HW",
			"systemDesc":	"TP3_HW",
			"sysIsBootAutoGen":	"true",
			"systemDispName":	"TP3_HW"
		}]
}
TRACE::2024-02-26.12:24:21::SCWPlatform::Trying to open the hw design at C:/Users/UserTP/Desktop/FPGA1-main/Partie3/workspace/TP3_HW/hw/TP3_wrapper.xsa
TRACE::2024-02-26.12:24:21::SCWPlatform::DSA given C:/Users/UserTP/Desktop/FPGA1-main/Partie3/workspace/TP3_HW/hw/TP3_wrapper.xsa
TRACE::2024-02-26.12:24:21::SCWPlatform::DSA absoulate path C:/Users/UserTP/Desktop/FPGA1-main/Partie3/workspace/TP3_HW/hw/TP3_wrapper.xsa
TRACE::2024-02-26.12:24:21::SCWPlatform::DSA directory C:/Users/UserTP/Desktop/FPGA1-main/Partie3/workspace/TP3_HW/hw
TRACE::2024-02-26.12:24:21::SCWPlatform:: Platform Path C:/Users/UserTP/Desktop/FPGA1-main/Partie3/workspace/TP3_HW/hw/TP3_wrapper.xsa
TRACE::2024-02-26.12:24:21::SCWPlatform:: Unique name xilinx:basys3::0.0
TRACE::2024-02-26.12:24:21::SCWPlatform::Trying to set the existing hwdb with name TP3_wrapper_0
TRACE::2024-02-26.12:24:21::SCWPlatform::Opened existing hwdb TP3_wrapper_0
TRACE::2024-02-26.12:24:21::SCWPlatform::Found the Hw Db part of the input DSA
TRACE::2024-02-26.12:24:21::SCWDomain::checking for install qemu data   : 
TRACE::2024-02-26.12:24:21::SCWPlatform::Trying to open the hw design at C:/Users/UserTP/Desktop/FPGA1-main/Partie3/workspace/TP3_HW/hw/TP3_wrapper.xsa
TRACE::2024-02-26.12:24:21::SCWPlatform::DSA given C:/Users/UserTP/Desktop/FPGA1-main/Partie3/workspace/TP3_HW/hw/TP3_wrapper.xsa
TRACE::2024-02-26.12:24:21::SCWPlatform::DSA absoulate path C:/Users/UserTP/Desktop/FPGA1-main/Partie3/workspace/TP3_HW/hw/TP3_wrapper.xsa
TRACE::2024-02-26.12:24:21::SCWPlatform::DSA directory C:/Users/UserTP/Desktop/FPGA1-main/Partie3/workspace/TP3_HW/hw
TRACE::2024-02-26.12:24:21::SCWPlatform:: Platform Path C:/Users/UserTP/Desktop/FPGA1-main/Partie3/workspace/TP3_HW/hw/TP3_wrapper.xsa
TRACE::2024-02-26.12:24:21::SCWPlatform:: Unique name xilinx:basys3::0.0
TRACE::2024-02-26.12:24:21::SCWPlatform::Trying to set the existing hwdb with name TP3_wrapper_0
TRACE::2024-02-26.12:24:21::SCWPlatform::Opened existing hwdb TP3_wrapper_0
TRACE::2024-02-26.12:24:21::SCWPlatform::Found the Hw Db part of the input DSA
TRACE::2024-02-26.12:24:21::SCWPlatform::Trying to open the hw design at C:/Users/UserTP/Desktop/FPGA1-main/Partie3/workspace/TP3_HW/hw/TP3_wrapper.xsa
TRACE::2024-02-26.12:24:21::SCWPlatform::DSA given C:/Users/UserTP/Desktop/FPGA1-main/Partie3/workspace/TP3_HW/hw/TP3_wrapper.xsa
TRACE::2024-02-26.12:24:21::SCWPlatform::DSA absoulate path C:/Users/UserTP/Desktop/FPGA1-main/Partie3/workspace/TP3_HW/hw/TP3_wrapper.xsa
TRACE::2024-02-26.12:24:21::SCWPlatform::DSA directory C:/Users/UserTP/Desktop/FPGA1-main/Partie3/workspace/TP3_HW/hw
TRACE::2024-02-26.12:24:21::SCWPlatform:: Platform Path C:/Users/UserTP/Desktop/FPGA1-main/Partie3/workspace/TP3_HW/hw/TP3_wrapper.xsa
TRACE::2024-02-26.12:24:21::SCWPlatform:: Unique name xilinx:basys3::0.0
TRACE::2024-02-26.12:24:21::SCWPlatform::Trying to set the existing hwdb with name TP3_wrapper_0
TRACE::2024-02-26.12:24:21::SCWPlatform::Opened existing hwdb TP3_wrapper_0
TRACE::2024-02-26.12:24:21::SCWPlatform::Found the Hw Db part of the input DSA
TRACE::2024-02-26.12:24:21::SCWPlatform::Trying to open the hw design at C:/Users/UserTP/Desktop/FPGA1-main/Partie3/workspace/TP3_HW/hw/TP3_wrapper.xsa
TRACE::2024-02-26.12:24:21::SCWPlatform::DSA given C:/Users/UserTP/Desktop/FPGA1-main/Partie3/workspace/TP3_HW/hw/TP3_wrapper.xsa
TRACE::2024-02-26.12:24:21::SCWPlatform::DSA absoulate path C:/Users/UserTP/Desktop/FPGA1-main/Partie3/workspace/TP3_HW/hw/TP3_wrapper.xsa
TRACE::2024-02-26.12:24:21::SCWPlatform::DSA directory C:/Users/UserTP/Desktop/FPGA1-main/Partie3/workspace/TP3_HW/hw
TRACE::2024-02-26.12:24:21::SCWPlatform:: Platform Path C:/Users/UserTP/Desktop/FPGA1-main/Partie3/workspace/TP3_HW/hw/TP3_wrapper.xsa
TRACE::2024-02-26.12:24:21::SCWPlatform:: Unique name xilinx:basys3::0.0
TRACE::2024-02-26.12:24:21::SCWPlatform::Trying to set the existing hwdb with name TP3_wrapper_0
TRACE::2024-02-26.12:24:21::SCWPlatform::Opened existing hwdb TP3_wrapper_0
TRACE::2024-02-26.12:24:21::SCWPlatform::Found the Hw Db part of the input DSA
TRACE::2024-02-26.12:24:21::SCWMssOS::Checking the sw design at  C:/Users/UserTP/Desktop/FPGA1-main/Partie3/workspace/TP3_HW/microblaze_0/standalone_domain/bsp/system.mss
TRACE::2024-02-26.12:24:21::SCWMssOS::DEBUG:  swdes dump  
TRACE::2024-02-26.12:24:21::SCWMssOS::No sw design opened at  C:/Users/UserTP/Desktop/FPGA1-main/Partie3/workspace/TP3_HW/microblaze_0/standalone_domain/bsp/system.mss
TRACE::2024-02-26.12:24:21::SCWMssOS::mss does not exists at C:/Users/UserTP/Desktop/FPGA1-main/Partie3/workspace/TP3_HW/microblaze_0/standalone_domain/bsp/system.mss
TRACE::2024-02-26.12:24:21::SCWMssOS::Creating sw design at  C:/Users/UserTP/Desktop/FPGA1-main/Partie3/workspace/TP3_HW/microblaze_0/standalone_domain/bsp/system.mss
TRACE::2024-02-26.12:24:21::SCWMssOS::Adding the swdes entry, created swdb C:/Users/UserTP/Desktop/FPGA1-main/Partie3/workspace/TP3_HW/microblaze_0/standalone_domain/bsp/system.mss with des name C:/Users/UserTP/Desktop/FPGA1-main/Partie3/workspace/TP3_HW/microblaze_0/standalone_domain/bsp/system.mss
TRACE::2024-02-26.12:24:21::SCWMssOS::updating the scw layer changes to swdes at   C:/Users/UserTP/Desktop/FPGA1-main/Partie3/workspace/TP3_HW/microblaze_0/standalone_domain/bsp/system.mss
TRACE::2024-02-26.12:24:21::SCWMssOS::Writing mss at C:/Users/UserTP/Desktop/FPGA1-main/Partie3/workspace/TP3_HW/microblaze_0/standalone_domain/bsp/system.mss
TRACE::2024-02-26.12:24:21::SCWMssOS::Completed writing the mss file at C:/Users/UserTP/Desktop/FPGA1-main/Partie3/workspace/TP3_HW/microblaze_0/standalone_domain/bsp
TRACE::2024-02-26.12:24:21::SCWMssOS::Picking up changes from newly written mss file into SCW Layer. 
TRACE::2024-02-26.12:24:21::SCWMssOS::Updated the changes from newly written mss file into SCW Layer. 
TRACE::2024-02-26.12:24:21::SCWMssOS::Completed writing the mss file at C:/Users/UserTP/Desktop/FPGA1-main/Partie3/workspace/TP3_HW/microblaze_0/standalone_domain/bsp
TRACE::2024-02-26.12:24:21::SCWMssOS::Forcing BSP Sources regeneration.
TRACE::2024-02-26.12:24:22::SCWMssOS::Saving the mss changes C:/Users/UserTP/Desktop/FPGA1-main/Partie3/workspace/TP3_HW/microblaze_0/standalone_domain/bsp/system.mss
TRACE::2024-02-26.12:24:22::SCWMssOS::Found a swdesign opened with the mssfile.
TRACE::2024-02-26.12:24:22::SCWMssOS::Running validate of swdbs.
KEYINFO::2024-02-26.12:24:22::SCWMssOS::Could not open the swdb for C:/Users/UserTP/Desktop/FPGA1-main/Partie3/workspace/TP3_HW/microblaze_0/standalone_domain/bsp/system.mss
KEYINFO::2024-02-26.12:24:22::SCWMssOS::Could not open the sw design at  C:/Users/UserTP/Desktop/FPGA1-main/Partie3/workspace/TP3_HW/microblaze_0/standalone_domain/bsp/system.mss
ERROR: [Hsi 55-1558] Software Design C:/Users/UserTP/Desktop/FPGA1-main/Partie3/workspace/TP3_HW/microblaze_0/standalone_domain/bsp/system.mss is not found

TRACE::2024-02-26.12:24:22::SCWMssOS::Cleared the swdb table entry
TRACE::2024-02-26.12:24:22::SCWMssOS::Adding the swdes entry, mss present, able to open swdb C:/Users/UserTP/Desktop/FPGA1-main/Partie3/workspace/TP3_HW/microblaze_0/standalone_domain/bsp/system.mss with des name system
TRACE::2024-02-26.12:24:22::SCWMssOS::Writing the mss file completed C:/Users/UserTP/Desktop/FPGA1-main/Partie3/workspace/TP3_HW/microblaze_0/standalone_domain/bsp/system.mss
TRACE::2024-02-26.12:24:22::SCWMssOS::Commit changes completed.
TRACE::2024-02-26.12:24:22::SCWPlatform::Trying to open the hw design at C:/Users/UserTP/Desktop/FPGA1-main/Partie3/workspace/TP3_HW/hw/TP3_wrapper.xsa
TRACE::2024-02-26.12:24:22::SCWPlatform::DSA given C:/Users/UserTP/Desktop/FPGA1-main/Partie3/workspace/TP3_HW/hw/TP3_wrapper.xsa
TRACE::2024-02-26.12:24:22::SCWPlatform::DSA absoulate path C:/Users/UserTP/Desktop/FPGA1-main/Partie3/workspace/TP3_HW/hw/TP3_wrapper.xsa
TRACE::2024-02-26.12:24:22::SCWPlatform::DSA directory C:/Users/UserTP/Desktop/FPGA1-main/Partie3/workspace/TP3_HW/hw
TRACE::2024-02-26.12:24:22::SCWPlatform:: Platform Path C:/Users/UserTP/Desktop/FPGA1-main/Partie3/workspace/TP3_HW/hw/TP3_wrapper.xsa
TRACE::2024-02-26.12:24:22::SCWPlatform:: Unique name xilinx:basys3::0.0
TRACE::2024-02-26.12:24:22::SCWPlatform::Trying to set the existing hwdb with name TP3_wrapper_0
TRACE::2024-02-26.12:24:22::SCWPlatform::Opened existing hwdb TP3_wrapper_0
TRACE::2024-02-26.12:24:22::SCWPlatform::Found the Hw Db part of the input DSA
TRACE::2024-02-26.12:24:22::SCWMssOS::Checking the sw design at  C:/Users/UserTP/Desktop/FPGA1-main/Partie3/workspace/TP3_HW/microblaze_0/standalone_domain/bsp/system.mss
TRACE::2024-02-26.12:24:22::SCWMssOS::DEBUG:  swdes dump  C:/Users/UserTP/Desktop/FPGA1-main/Partie3/workspace/TP3_HW/microblaze_0/standalone_domain/bsp/system.mss|system||

TRACE::2024-02-26.12:24:22::SCWMssOS::Sw design exists and opened at  C:/Users/UserTP/Desktop/FPGA1-main/Partie3/workspace/TP3_HW/microblaze_0/standalone_domain/bsp/system.mss
TRACE::2024-02-26.12:24:22::SCWPlatform::Trying to open the hw design at C:/Users/UserTP/Desktop/FPGA1-main/Partie3/workspace/TP3_HW/hw/TP3_wrapper.xsa
TRACE::2024-02-26.12:24:22::SCWPlatform::DSA given C:/Users/UserTP/Desktop/FPGA1-main/Partie3/workspace/TP3_HW/hw/TP3_wrapper.xsa
TRACE::2024-02-26.12:24:22::SCWPlatform::DSA absoulate path C:/Users/UserTP/Desktop/FPGA1-main/Partie3/workspace/TP3_HW/hw/TP3_wrapper.xsa
TRACE::2024-02-26.12:24:22::SCWPlatform::DSA directory C:/Users/UserTP/Desktop/FPGA1-main/Partie3/workspace/TP3_HW/hw
TRACE::2024-02-26.12:24:22::SCWPlatform:: Platform Path C:/Users/UserTP/Desktop/FPGA1-main/Partie3/workspace/TP3_HW/hw/TP3_wrapper.xsa
TRACE::2024-02-26.12:24:22::SCWPlatform:: Unique name xilinx:basys3::0.0
TRACE::2024-02-26.12:24:22::SCWPlatform::Trying to set the existing hwdb with name TP3_wrapper_0
TRACE::2024-02-26.12:24:22::SCWPlatform::Opened existing hwdb TP3_wrapper_0
TRACE::2024-02-26.12:24:22::SCWPlatform::Found the Hw Db part of the input DSA
TRACE::2024-02-26.12:24:22::SCWMssOS::Checking the sw design at  C:/Users/UserTP/Desktop/FPGA1-main/Partie3/workspace/TP3_HW/microblaze_0/standalone_domain/bsp/system.mss
TRACE::2024-02-26.12:24:22::SCWMssOS::DEBUG:  swdes dump  C:/Users/UserTP/Desktop/FPGA1-main/Partie3/workspace/TP3_HW/microblaze_0/standalone_domain/bsp/system.mss|system||

TRACE::2024-02-26.12:24:22::SCWMssOS::Sw design exists and opened at  C:/Users/UserTP/Desktop/FPGA1-main/Partie3/workspace/TP3_HW/microblaze_0/standalone_domain/bsp/system.mss
TRACE::2024-02-26.12:24:22::SCWPlatform::Trying to open the hw design at C:/Users/UserTP/Desktop/FPGA1-main/Partie3/workspace/TP3_HW/hw/TP3_wrapper.xsa
TRACE::2024-02-26.12:24:22::SCWPlatform::DSA given C:/Users/UserTP/Desktop/FPGA1-main/Partie3/workspace/TP3_HW/hw/TP3_wrapper.xsa
TRACE::2024-02-26.12:24:22::SCWPlatform::DSA absoulate path C:/Users/UserTP/Desktop/FPGA1-main/Partie3/workspace/TP3_HW/hw/TP3_wrapper.xsa
TRACE::2024-02-26.12:24:22::SCWPlatform::DSA directory C:/Users/UserTP/Desktop/FPGA1-main/Partie3/workspace/TP3_HW/hw
TRACE::2024-02-26.12:24:22::SCWPlatform:: Platform Path C:/Users/UserTP/Desktop/FPGA1-main/Partie3/workspace/TP3_HW/hw/TP3_wrapper.xsa
TRACE::2024-02-26.12:24:22::SCWPlatform:: Unique name xilinx:basys3::0.0
TRACE::2024-02-26.12:24:22::SCWPlatform::Trying to set the existing hwdb with name TP3_wrapper_0
TRACE::2024-02-26.12:24:22::SCWPlatform::Opened existing hwdb TP3_wrapper_0
TRACE::2024-02-26.12:24:22::SCWPlatform::Found the Hw Db part of the input DSA
TRACE::2024-02-26.12:24:22::SCWMssOS::Checking the sw design at  C:/Users/UserTP/Desktop/FPGA1-main/Partie3/workspace/TP3_HW/microblaze_0/standalone_domain/bsp/system.mss
TRACE::2024-02-26.12:24:22::SCWMssOS::DEBUG:  swdes dump  C:/Users/UserTP/Desktop/FPGA1-main/Partie3/workspace/TP3_HW/microblaze_0/standalone_domain/bsp/system.mss|system||

TRACE::2024-02-26.12:24:22::SCWMssOS::Sw design exists and opened at  C:/Users/UserTP/Desktop/FPGA1-main/Partie3/workspace/TP3_HW/microblaze_0/standalone_domain/bsp/system.mss
TRACE::2024-02-26.12:24:22::SCWWriter::formatted JSON is {
	"platformName":	"TP3_HW",
	"sprVersion":	"2.0",
	"mode":	"gui",
	"dsaType":	"Fixed",
	"platformDesc":	"TP3_HW",
	"platHandOff":	"C:/Users/UserTP/Desktop/FPGA1-main/Partie 2/project_2/TP3_wrapper.xsa",
	"platIntHandOff":	"<platformDir>/hw/TP3_wrapper.xsa",
	"deviceType":	"FPGA",
	"platIsPrebuiltAutogen":	"false",
	"platIsNoBootBsp":	"false",
	"hasFsblMakeHasChanges":	"false",
	"hasPmufwMakeHasChanges":	"false",
	"platPreBuiltFlag":	false,
	"platformSamplesDir":	"",
	"platActiveSys":	"TP3_HW",
	"systems":	[{
			"systemName":	"TP3_HW",
			"systemDesc":	"TP3_HW",
			"sysIsBootAutoGen":	"true",
			"systemDispName":	"TP3_HW",
			"sysActiveDom":	"standalone_domain",
			"sysDefaultDom":	"standalone_domain",
			"domains":	[{
					"domainName":	"standalone_domain",
					"domainDispName":	"standalone_domain",
					"domainDesc":	"standalone_domain",
					"processors":	"microblaze_0",
					"os":	"standalone",
					"sdxOs":	"standalone",
					"debugEnable":	"False",
					"domRuntimes":	["cpp"],
					"swRepo":	"",
					"mssOsVer":	"7.3",
					"mssFile":	"",
					"md5Digest":	"4f64c1204a8968c19ebd5f5caca20144",
					"compatibleApp":	"",
					"domType":	"mssDomain",
					"arch":	"32-bit",
					"appSettings":	{
						"appCompilerFlags":	"",
						"appLinkerFlags":	""
					},
					"addedLibs":	[],
					"libOptions":	{
						"libsContainingOptions":	[]
					},
					"prebuiltLibs":	{
						"prebuiltIncPath":	[],
						"prebuiltLibPath":	[]
					},
					"isolation":	{
					}
				}]
		}]
}
LOG::2024-02-26.12:24:22::SCWPlatform::Started generating the artifacts platform TP3_HW
TRACE::2024-02-26.12:24:22::SCWPlatform::Sanity checking of platform is completed
LOG::2024-02-26.12:24:22::SCWPlatform::Started generating the artifacts for system configuration TP3_HW
LOG::2024-02-26.12:24:22::SCWSystem::Checking the domain standalone_domain
LOG::2024-02-26.12:24:22::SCWSystem::Not a boot domain 
LOG::2024-02-26.12:24:22::SCWSystem::Started Processing the domain standalone_domain
TRACE::2024-02-26.12:24:22::SCWDomain::Generating domain artifcats
TRACE::2024-02-26.12:24:22::SCWMssOS::Generating standalone artifcats
TRACE::2024-02-26.12:24:22::SCWMssOS:: Copying the user libraries. 
TRACE::2024-02-26.12:24:22::SCWPlatform::Trying to open the hw design at C:/Users/UserTP/Desktop/FPGA1-main/Partie3/workspace/TP3_HW/hw/TP3_wrapper.xsa
TRACE::2024-02-26.12:24:22::SCWPlatform::DSA given C:/Users/UserTP/Desktop/FPGA1-main/Partie3/workspace/TP3_HW/hw/TP3_wrapper.xsa
TRACE::2024-02-26.12:24:22::SCWPlatform::DSA absoulate path C:/Users/UserTP/Desktop/FPGA1-main/Partie3/workspace/TP3_HW/hw/TP3_wrapper.xsa
TRACE::2024-02-26.12:24:22::SCWPlatform::DSA directory C:/Users/UserTP/Desktop/FPGA1-main/Partie3/workspace/TP3_HW/hw
TRACE::2024-02-26.12:24:22::SCWPlatform:: Platform Path C:/Users/UserTP/Desktop/FPGA1-main/Partie3/workspace/TP3_HW/hw/TP3_wrapper.xsa
TRACE::2024-02-26.12:24:22::SCWPlatform:: Unique name xilinx:basys3::0.0
TRACE::2024-02-26.12:24:22::SCWPlatform::Trying to set the existing hwdb with name TP3_wrapper_0
TRACE::2024-02-26.12:24:22::SCWPlatform::Opened existing hwdb TP3_wrapper_0
TRACE::2024-02-26.12:24:22::SCWPlatform::Found the Hw Db part of the input DSA
TRACE::2024-02-26.12:24:22::SCWMssOS::Checking the sw design at  C:/Users/UserTP/Desktop/FPGA1-main/Partie3/workspace/TP3_HW/microblaze_0/standalone_domain/bsp/system.mss
TRACE::2024-02-26.12:24:22::SCWMssOS::DEBUG:  swdes dump  C:/Users/UserTP/Desktop/FPGA1-main/Partie3/workspace/TP3_HW/microblaze_0/standalone_domain/bsp/system.mss|system||

TRACE::2024-02-26.12:24:22::SCWMssOS::Sw design exists and opened at  C:/Users/UserTP/Desktop/FPGA1-main/Partie3/workspace/TP3_HW/microblaze_0/standalone_domain/bsp/system.mss
TRACE::2024-02-26.12:24:22::SCWMssOS::Completed writing the mss file at C:/Users/UserTP/Desktop/FPGA1-main/Partie3/workspace/TP3_HW/microblaze_0/standalone_domain/bsp
TRACE::2024-02-26.12:24:22::SCWMssOS::Mss edits present, copying mssfile into export location C:/Users/UserTP/Desktop/FPGA1-main/Partie3/workspace/TP3_HW/microblaze_0/standalone_domain/bsp/system.mss
TRACE::2024-02-26.12:24:22::SCWMssOS::bsp generated is upto date with the mss file. Skipping bsp generation.
TRACE::2024-02-26.12:24:22::SCWMssOS::BSP is already built. skipping the bsp build ... 
TRACE::2024-02-26.12:24:22::SCWDomain::Skipping the build for domain :  standalone_domain
TRACE::2024-02-26.12:24:22::SCWMssOS::skipping the bsp build ... 
TRACE::2024-02-26.12:24:22::SCWMssOS::Copying to export directory.
TRACE::2024-02-26.12:24:22::SCWMssOS:: Checking if to create the Supporting Applications
TRACE::2024-02-26.12:24:22::SCWMssOS:: No Linux domain exists, trying to generate FSBL 
LOG::2024-02-26.12:24:22::SCWSystem::Completed Processing the domain standalone_domain
LOG::2024-02-26.12:24:22::SCWSystem::Completed Processing the sysconfig TP3_HW
LOG::2024-02-26.12:24:22::SCWPlatform::Completed generating the artifacts for system configuration TP3_HW
TRACE::2024-02-26.12:24:22::SCWPlatform::Started preparing the platform 
TRACE::2024-02-26.12:24:22::SCWSystem::Writing the bif file for system config TP3_HW
TRACE::2024-02-26.12:24:22::SCWSystem::dir created 
TRACE::2024-02-26.12:24:22::SCWSystem::Writing the bif 
TRACE::2024-02-26.12:24:22::SCWPlatform::Started writing the spfm file 
TRACE::2024-02-26.12:24:22::SCWPlatform::Started writing the xpfm file 
TRACE::2024-02-26.12:24:22::SCWPlatform::Completed generating the platform
TRACE::2024-02-26.12:24:22::SCWMssOS::Saving the mss changes C:/Users/UserTP/Desktop/FPGA1-main/Partie3/workspace/TP3_HW/microblaze_0/standalone_domain/bsp/system.mss
TRACE::2024-02-26.12:24:22::SCWMssOS::Found a swdesign opened with the mssfile.
TRACE::2024-02-26.12:24:22::SCWMssOS::Completed writemss as part of save.
TRACE::2024-02-26.12:24:22::SCWMssOS::Commit changes completed.
TRACE::2024-02-26.12:24:22::SCWPlatform::Trying to open the hw design at C:/Users/UserTP/Desktop/FPGA1-main/Partie3/workspace/TP3_HW/hw/TP3_wrapper.xsa
TRACE::2024-02-26.12:24:22::SCWPlatform::DSA given C:/Users/UserTP/Desktop/FPGA1-main/Partie3/workspace/TP3_HW/hw/TP3_wrapper.xsa
TRACE::2024-02-26.12:24:22::SCWPlatform::DSA absoulate path C:/Users/UserTP/Desktop/FPGA1-main/Partie3/workspace/TP3_HW/hw/TP3_wrapper.xsa
TRACE::2024-02-26.12:24:22::SCWPlatform::DSA directory C:/Users/UserTP/Desktop/FPGA1-main/Partie3/workspace/TP3_HW/hw
TRACE::2024-02-26.12:24:22::SCWPlatform:: Platform Path C:/Users/UserTP/Desktop/FPGA1-main/Partie3/workspace/TP3_HW/hw/TP3_wrapper.xsa
TRACE::2024-02-26.12:24:22::SCWPlatform:: Unique name xilinx:basys3::0.0
TRACE::2024-02-26.12:24:22::SCWPlatform::Trying to set the existing hwdb with name TP3_wrapper_0
TRACE::2024-02-26.12:24:22::SCWPlatform::Opened existing hwdb TP3_wrapper_0
TRACE::2024-02-26.12:24:22::SCWPlatform::Found the Hw Db part of the input DSA
TRACE::2024-02-26.12:24:22::SCWMssOS::Checking the sw design at  C:/Users/UserTP/Desktop/FPGA1-main/Partie3/workspace/TP3_HW/microblaze_0/standalone_domain/bsp/system.mss
TRACE::2024-02-26.12:24:22::SCWMssOS::DEBUG:  swdes dump  C:/Users/UserTP/Desktop/FPGA1-main/Partie3/workspace/TP3_HW/microblaze_0/standalone_domain/bsp/system.mss|system||

TRACE::2024-02-26.12:24:22::SCWMssOS::Sw design exists and opened at  C:/Users/UserTP/Desktop/FPGA1-main/Partie3/workspace/TP3_HW/microblaze_0/standalone_domain/bsp/system.mss
TRACE::2024-02-26.12:24:22::SCWPlatform::Trying to open the hw design at C:/Users/UserTP/Desktop/FPGA1-main/Partie3/workspace/TP3_HW/hw/TP3_wrapper.xsa
TRACE::2024-02-26.12:24:22::SCWPlatform::DSA given C:/Users/UserTP/Desktop/FPGA1-main/Partie3/workspace/TP3_HW/hw/TP3_wrapper.xsa
TRACE::2024-02-26.12:24:22::SCWPlatform::DSA absoulate path C:/Users/UserTP/Desktop/FPGA1-main/Partie3/workspace/TP3_HW/hw/TP3_wrapper.xsa
TRACE::2024-02-26.12:24:22::SCWPlatform::DSA directory C:/Users/UserTP/Desktop/FPGA1-main/Partie3/workspace/TP3_HW/hw
TRACE::2024-02-26.12:24:22::SCWPlatform:: Platform Path C:/Users/UserTP/Desktop/FPGA1-main/Partie3/workspace/TP3_HW/hw/TP3_wrapper.xsa
TRACE::2024-02-26.12:24:22::SCWPlatform:: Unique name xilinx:basys3::0.0
TRACE::2024-02-26.12:24:22::SCWPlatform::Trying to set the existing hwdb with name TP3_wrapper_0
TRACE::2024-02-26.12:24:22::SCWPlatform::Opened existing hwdb TP3_wrapper_0
TRACE::2024-02-26.12:24:22::SCWPlatform::Found the Hw Db part of the input DSA
TRACE::2024-02-26.12:24:22::SCWMssOS::Checking the sw design at  C:/Users/UserTP/Desktop/FPGA1-main/Partie3/workspace/TP3_HW/microblaze_0/standalone_domain/bsp/system.mss
TRACE::2024-02-26.12:24:22::SCWMssOS::DEBUG:  swdes dump  C:/Users/UserTP/Desktop/FPGA1-main/Partie3/workspace/TP3_HW/microblaze_0/standalone_domain/bsp/system.mss|system||

TRACE::2024-02-26.12:24:22::SCWMssOS::Sw design exists and opened at  C:/Users/UserTP/Desktop/FPGA1-main/Partie3/workspace/TP3_HW/microblaze_0/standalone_domain/bsp/system.mss
TRACE::2024-02-26.12:24:22::SCWPlatform::Trying to open the hw design at C:/Users/UserTP/Desktop/FPGA1-main/Partie3/workspace/TP3_HW/hw/TP3_wrapper.xsa
TRACE::2024-02-26.12:24:22::SCWPlatform::DSA given C:/Users/UserTP/Desktop/FPGA1-main/Partie3/workspace/TP3_HW/hw/TP3_wrapper.xsa
TRACE::2024-02-26.12:24:22::SCWPlatform::DSA absoulate path C:/Users/UserTP/Desktop/FPGA1-main/Partie3/workspace/TP3_HW/hw/TP3_wrapper.xsa
TRACE::2024-02-26.12:24:22::SCWPlatform::DSA directory C:/Users/UserTP/Desktop/FPGA1-main/Partie3/workspace/TP3_HW/hw
TRACE::2024-02-26.12:24:22::SCWPlatform:: Platform Path C:/Users/UserTP/Desktop/FPGA1-main/Partie3/workspace/TP3_HW/hw/TP3_wrapper.xsa
TRACE::2024-02-26.12:24:22::SCWPlatform:: Unique name xilinx:basys3::0.0
TRACE::2024-02-26.12:24:22::SCWPlatform::Trying to set the existing hwdb with name TP3_wrapper_0
TRACE::2024-02-26.12:24:22::SCWPlatform::Opened existing hwdb TP3_wrapper_0
TRACE::2024-02-26.12:24:22::SCWPlatform::Found the Hw Db part of the input DSA
TRACE::2024-02-26.12:24:22::SCWMssOS::Checking the sw design at  C:/Users/UserTP/Desktop/FPGA1-main/Partie3/workspace/TP3_HW/microblaze_0/standalone_domain/bsp/system.mss
TRACE::2024-02-26.12:24:22::SCWMssOS::DEBUG:  swdes dump  C:/Users/UserTP/Desktop/FPGA1-main/Partie3/workspace/TP3_HW/microblaze_0/standalone_domain/bsp/system.mss|system||

TRACE::2024-02-26.12:24:22::SCWMssOS::Sw design exists and opened at  C:/Users/UserTP/Desktop/FPGA1-main/Partie3/workspace/TP3_HW/microblaze_0/standalone_domain/bsp/system.mss
TRACE::2024-02-26.12:24:22::SCWWriter::formatted JSON is {
	"platformName":	"TP3_HW",
	"sprVersion":	"2.0",
	"mode":	"gui",
	"dsaType":	"Fixed",
	"platformDesc":	"TP3_HW",
	"platHandOff":	"C:/Users/UserTP/Desktop/FPGA1-main/Partie 2/project_2/TP3_wrapper.xsa",
	"platIntHandOff":	"<platformDir>/hw/TP3_wrapper.xsa",
	"deviceType":	"FPGA",
	"platIsPrebuiltAutogen":	"false",
	"platIsNoBootBsp":	"false",
	"hasFsblMakeHasChanges":	"false",
	"hasPmufwMakeHasChanges":	"false",
	"platPreBuiltFlag":	false,
	"platformSamplesDir":	"",
	"platActiveSys":	"TP3_HW",
	"systems":	[{
			"systemName":	"TP3_HW",
			"systemDesc":	"TP3_HW",
			"sysIsBootAutoGen":	"true",
			"systemDispName":	"TP3_HW",
			"sysActiveDom":	"standalone_domain",
			"sysDefaultDom":	"standalone_domain",
			"domains":	[{
					"domainName":	"standalone_domain",
					"domainDispName":	"standalone_domain",
					"domainDesc":	"standalone_domain",
					"processors":	"microblaze_0",
					"os":	"standalone",
					"sdxOs":	"standalone",
					"debugEnable":	"False",
					"domRuntimes":	["cpp"],
					"swRepo":	"",
					"mssOsVer":	"7.3",
					"mssFile":	"",
					"md5Digest":	"4f64c1204a8968c19ebd5f5caca20144",
					"compatibleApp":	"",
					"domType":	"mssDomain",
					"arch":	"32-bit",
					"appSettings":	{
						"appCompilerFlags":	"",
						"appLinkerFlags":	""
					},
					"addedLibs":	[],
					"libOptions":	{
						"libsContainingOptions":	[]
					},
					"prebuiltLibs":	{
						"prebuiltIncPath":	[],
						"prebuiltLibPath":	[]
					},
					"isolation":	{
					}
				}]
		}]
}
KEYINFO::2024-02-26.12:24:22::SCWPlatform::updated the xpfm file.
TRACE::2024-02-26.12:24:22::SCWPlatform::Trying to open the hw design at C:/Users/UserTP/Desktop/FPGA1-main/Partie3/workspace/TP3_HW/hw/TP3_wrapper.xsa
TRACE::2024-02-26.12:24:22::SCWPlatform::DSA given C:/Users/UserTP/Desktop/FPGA1-main/Partie3/workspace/TP3_HW/hw/TP3_wrapper.xsa
TRACE::2024-02-26.12:24:22::SCWPlatform::DSA absoulate path C:/Users/UserTP/Desktop/FPGA1-main/Partie3/workspace/TP3_HW/hw/TP3_wrapper.xsa
TRACE::2024-02-26.12:24:22::SCWPlatform::DSA directory C:/Users/UserTP/Desktop/FPGA1-main/Partie3/workspace/TP3_HW/hw
TRACE::2024-02-26.12:24:22::SCWPlatform:: Platform Path C:/Users/UserTP/Desktop/FPGA1-main/Partie3/workspace/TP3_HW/hw/TP3_wrapper.xsa
TRACE::2024-02-26.12:24:22::SCWPlatform:: Unique name xilinx:basys3::0.0
TRACE::2024-02-26.12:24:22::SCWPlatform::Trying to set the existing hwdb with name TP3_wrapper_0
TRACE::2024-02-26.12:24:22::SCWPlatform::Opened existing hwdb TP3_wrapper_0
TRACE::2024-02-26.12:24:22::SCWPlatform::Found the Hw Db part of the input DSA
TRACE::2024-02-26.12:24:22::SCWMssOS::Checking the sw design at  C:/Users/UserTP/Desktop/FPGA1-main/Partie3/workspace/TP3_HW/microblaze_0/standalone_domain/bsp/system.mss
TRACE::2024-02-26.12:24:22::SCWMssOS::DEBUG:  swdes dump  C:/Users/UserTP/Desktop/FPGA1-main/Partie3/workspace/TP3_HW/microblaze_0/standalone_domain/bsp/system.mss|system||

TRACE::2024-02-26.12:24:22::SCWMssOS::Sw design exists and opened at  C:/Users/UserTP/Desktop/FPGA1-main/Partie3/workspace/TP3_HW/microblaze_0/standalone_domain/bsp/system.mss
TRACE::2024-02-26.12:24:22::SCWMssOS::Saving the mss changes C:/Users/UserTP/Desktop/FPGA1-main/Partie3/workspace/TP3_HW/microblaze_0/standalone_domain/bsp/system.mss
TRACE::2024-02-26.12:24:22::SCWMssOS::Found a swdesign opened with the mssfile.
TRACE::2024-02-26.12:24:22::SCWMssOS::Completed writemss as part of save.
TRACE::2024-02-26.12:24:22::SCWMssOS::Commit changes completed.
TRACE::2024-02-26.12:24:22::SCWPlatform::Trying to open the hw design at C:/Users/UserTP/Desktop/FPGA1-main/Partie3/workspace/TP3_HW/hw/TP3_wrapper.xsa
TRACE::2024-02-26.12:24:22::SCWPlatform::DSA given C:/Users/UserTP/Desktop/FPGA1-main/Partie3/workspace/TP3_HW/hw/TP3_wrapper.xsa
TRACE::2024-02-26.12:24:22::SCWPlatform::DSA absoulate path C:/Users/UserTP/Desktop/FPGA1-main/Partie3/workspace/TP3_HW/hw/TP3_wrapper.xsa
TRACE::2024-02-26.12:24:22::SCWPlatform::DSA directory C:/Users/UserTP/Desktop/FPGA1-main/Partie3/workspace/TP3_HW/hw
TRACE::2024-02-26.12:24:22::SCWPlatform:: Platform Path C:/Users/UserTP/Desktop/FPGA1-main/Partie3/workspace/TP3_HW/hw/TP3_wrapper.xsa
TRACE::2024-02-26.12:24:22::SCWPlatform:: Unique name xilinx:basys3::0.0
TRACE::2024-02-26.12:24:22::SCWPlatform::Trying to set the existing hwdb with name TP3_wrapper_0
TRACE::2024-02-26.12:24:22::SCWPlatform::Opened existing hwdb TP3_wrapper_0
TRACE::2024-02-26.12:24:22::SCWPlatform::Found the Hw Db part of the input DSA
TRACE::2024-02-26.12:24:22::SCWMssOS::Checking the sw design at  C:/Users/UserTP/Desktop/FPGA1-main/Partie3/workspace/TP3_HW/microblaze_0/standalone_domain/bsp/system.mss
TRACE::2024-02-26.12:24:22::SCWMssOS::DEBUG:  swdes dump  C:/Users/UserTP/Desktop/FPGA1-main/Partie3/workspace/TP3_HW/microblaze_0/standalone_domain/bsp/system.mss|system||

TRACE::2024-02-26.12:24:22::SCWMssOS::Sw design exists and opened at  C:/Users/UserTP/Desktop/FPGA1-main/Partie3/workspace/TP3_HW/microblaze_0/standalone_domain/bsp/system.mss
TRACE::2024-02-26.12:24:22::SCWPlatform::Trying to open the hw design at C:/Users/UserTP/Desktop/FPGA1-main/Partie3/workspace/TP3_HW/hw/TP3_wrapper.xsa
TRACE::2024-02-26.12:24:22::SCWPlatform::DSA given C:/Users/UserTP/Desktop/FPGA1-main/Partie3/workspace/TP3_HW/hw/TP3_wrapper.xsa
TRACE::2024-02-26.12:24:22::SCWPlatform::DSA absoulate path C:/Users/UserTP/Desktop/FPGA1-main/Partie3/workspace/TP3_HW/hw/TP3_wrapper.xsa
TRACE::2024-02-26.12:24:22::SCWPlatform::DSA directory C:/Users/UserTP/Desktop/FPGA1-main/Partie3/workspace/TP3_HW/hw
TRACE::2024-02-26.12:24:22::SCWPlatform:: Platform Path C:/Users/UserTP/Desktop/FPGA1-main/Partie3/workspace/TP3_HW/hw/TP3_wrapper.xsa
TRACE::2024-02-26.12:24:22::SCWPlatform:: Unique name xilinx:basys3::0.0
TRACE::2024-02-26.12:24:22::SCWPlatform::Trying to set the existing hwdb with name TP3_wrapper_0
TRACE::2024-02-26.12:24:22::SCWPlatform::Opened existing hwdb TP3_wrapper_0
TRACE::2024-02-26.12:24:22::SCWPlatform::Found the Hw Db part of the input DSA
TRACE::2024-02-26.12:24:22::SCWMssOS::Checking the sw design at  C:/Users/UserTP/Desktop/FPGA1-main/Partie3/workspace/TP3_HW/microblaze_0/standalone_domain/bsp/system.mss
TRACE::2024-02-26.12:24:22::SCWMssOS::DEBUG:  swdes dump  C:/Users/UserTP/Desktop/FPGA1-main/Partie3/workspace/TP3_HW/microblaze_0/standalone_domain/bsp/system.mss|system||

TRACE::2024-02-26.12:24:22::SCWMssOS::Sw design exists and opened at  C:/Users/UserTP/Desktop/FPGA1-main/Partie3/workspace/TP3_HW/microblaze_0/standalone_domain/bsp/system.mss
TRACE::2024-02-26.12:24:22::SCWPlatform::Trying to open the hw design at C:/Users/UserTP/Desktop/FPGA1-main/Partie3/workspace/TP3_HW/hw/TP3_wrapper.xsa
TRACE::2024-02-26.12:24:22::SCWPlatform::DSA given C:/Users/UserTP/Desktop/FPGA1-main/Partie3/workspace/TP3_HW/hw/TP3_wrapper.xsa
TRACE::2024-02-26.12:24:22::SCWPlatform::DSA absoulate path C:/Users/UserTP/Desktop/FPGA1-main/Partie3/workspace/TP3_HW/hw/TP3_wrapper.xsa
TRACE::2024-02-26.12:24:22::SCWPlatform::DSA directory C:/Users/UserTP/Desktop/FPGA1-main/Partie3/workspace/TP3_HW/hw
TRACE::2024-02-26.12:24:22::SCWPlatform:: Platform Path C:/Users/UserTP/Desktop/FPGA1-main/Partie3/workspace/TP3_HW/hw/TP3_wrapper.xsa
TRACE::2024-02-26.12:24:22::SCWPlatform:: Unique name xilinx:basys3::0.0
TRACE::2024-02-26.12:24:22::SCWPlatform::Trying to set the existing hwdb with name TP3_wrapper_0
TRACE::2024-02-26.12:24:22::SCWPlatform::Opened existing hwdb TP3_wrapper_0
TRACE::2024-02-26.12:24:22::SCWPlatform::Found the Hw Db part of the input DSA
TRACE::2024-02-26.12:24:22::SCWMssOS::Checking the sw design at  C:/Users/UserTP/Desktop/FPGA1-main/Partie3/workspace/TP3_HW/microblaze_0/standalone_domain/bsp/system.mss
TRACE::2024-02-26.12:24:22::SCWMssOS::DEBUG:  swdes dump  C:/Users/UserTP/Desktop/FPGA1-main/Partie3/workspace/TP3_HW/microblaze_0/standalone_domain/bsp/system.mss|system||

TRACE::2024-02-26.12:24:22::SCWMssOS::Sw design exists and opened at  C:/Users/UserTP/Desktop/FPGA1-main/Partie3/workspace/TP3_HW/microblaze_0/standalone_domain/bsp/system.mss
TRACE::2024-02-26.12:24:22::SCWWriter::formatted JSON is {
	"platformName":	"TP3_HW",
	"sprVersion":	"2.0",
	"mode":	"gui",
	"dsaType":	"Fixed",
	"platformDesc":	"TP3_HW",
	"platHandOff":	"C:/Users/UserTP/Desktop/FPGA1-main/Partie 2/project_2/TP3_wrapper.xsa",
	"platIntHandOff":	"<platformDir>/hw/TP3_wrapper.xsa",
	"deviceType":	"FPGA",
	"platIsPrebuiltAutogen":	"false",
	"platIsNoBootBsp":	"false",
	"hasFsblMakeHasChanges":	"false",
	"hasPmufwMakeHasChanges":	"false",
	"platPreBuiltFlag":	false,
	"platformSamplesDir":	"",
	"platActiveSys":	"TP3_HW",
	"systems":	[{
			"systemName":	"TP3_HW",
			"systemDesc":	"TP3_HW",
			"sysIsBootAutoGen":	"true",
			"systemDispName":	"TP3_HW",
			"sysActiveDom":	"standalone_domain",
			"sysDefaultDom":	"standalone_domain",
			"domains":	[{
					"domainName":	"standalone_domain",
					"domainDispName":	"standalone_domain",
					"domainDesc":	"standalone_domain",
					"processors":	"microblaze_0",
					"os":	"standalone",
					"sdxOs":	"standalone",
					"debugEnable":	"False",
					"domRuntimes":	["cpp"],
					"swRepo":	"",
					"mssOsVer":	"7.3",
					"mssFile":	"",
					"md5Digest":	"4f64c1204a8968c19ebd5f5caca20144",
					"compatibleApp":	"",
					"domType":	"mssDomain",
					"arch":	"32-bit",
					"appSettings":	{
						"appCompilerFlags":	"",
						"appLinkerFlags":	""
					},
					"addedLibs":	[],
					"libOptions":	{
						"libsContainingOptions":	[]
					},
					"prebuiltLibs":	{
						"prebuiltIncPath":	[],
						"prebuiltLibPath":	[]
					},
					"isolation":	{
					}
				}]
		}]
}
TRACE::2024-02-26.12:24:22::SCWPlatform::Trying to open the hw design at C:/Users/UserTP/Desktop/FPGA1-main/Partie3/workspace/TP3_HW/hw/TP3_wrapper.xsa
TRACE::2024-02-26.12:24:22::SCWPlatform::DSA given C:/Users/UserTP/Desktop/FPGA1-main/Partie3/workspace/TP3_HW/hw/TP3_wrapper.xsa
TRACE::2024-02-26.12:24:22::SCWPlatform::DSA absoulate path C:/Users/UserTP/Desktop/FPGA1-main/Partie3/workspace/TP3_HW/hw/TP3_wrapper.xsa
TRACE::2024-02-26.12:24:22::SCWPlatform::DSA directory C:/Users/UserTP/Desktop/FPGA1-main/Partie3/workspace/TP3_HW/hw
TRACE::2024-02-26.12:24:22::SCWPlatform:: Platform Path C:/Users/UserTP/Desktop/FPGA1-main/Partie3/workspace/TP3_HW/hw/TP3_wrapper.xsa
TRACE::2024-02-26.12:24:22::SCWPlatform:: Unique name xilinx:basys3::0.0
TRACE::2024-02-26.12:24:22::SCWPlatform::Trying to set the existing hwdb with name TP3_wrapper_0
TRACE::2024-02-26.12:24:22::SCWPlatform::Opened existing hwdb TP3_wrapper_0
TRACE::2024-02-26.12:24:22::SCWPlatform::Found the Hw Db part of the input DSA
TRACE::2024-02-26.12:24:22::SCWMssOS::Checking the sw design at  C:/Users/UserTP/Desktop/FPGA1-main/Partie3/workspace/TP3_HW/microblaze_0/standalone_domain/bsp/system.mss
TRACE::2024-02-26.12:24:22::SCWMssOS::DEBUG:  swdes dump  C:/Users/UserTP/Desktop/FPGA1-main/Partie3/workspace/TP3_HW/microblaze_0/standalone_domain/bsp/system.mss|system||

TRACE::2024-02-26.12:24:22::SCWMssOS::Sw design exists and opened at  C:/Users/UserTP/Desktop/FPGA1-main/Partie3/workspace/TP3_HW/microblaze_0/standalone_domain/bsp/system.mss
TRACE::2024-02-26.12:24:22::SCWPlatform::Trying to open the hw design at C:/Users/UserTP/Desktop/FPGA1-main/Partie3/workspace/TP3_HW/hw/TP3_wrapper.xsa
TRACE::2024-02-26.12:24:22::SCWPlatform::DSA given C:/Users/UserTP/Desktop/FPGA1-main/Partie3/workspace/TP3_HW/hw/TP3_wrapper.xsa
TRACE::2024-02-26.12:24:22::SCWPlatform::DSA absoulate path C:/Users/UserTP/Desktop/FPGA1-main/Partie3/workspace/TP3_HW/hw/TP3_wrapper.xsa
TRACE::2024-02-26.12:24:22::SCWPlatform::DSA directory C:/Users/UserTP/Desktop/FPGA1-main/Partie3/workspace/TP3_HW/hw
TRACE::2024-02-26.12:24:22::SCWPlatform:: Platform Path C:/Users/UserTP/Desktop/FPGA1-main/Partie3/workspace/TP3_HW/hw/TP3_wrapper.xsa
TRACE::2024-02-26.12:24:22::SCWPlatform:: Unique name xilinx:basys3::0.0
TRACE::2024-02-26.12:24:22::SCWPlatform::Trying to set the existing hwdb with name TP3_wrapper_0
TRACE::2024-02-26.12:24:22::SCWPlatform::Opened existing hwdb TP3_wrapper_0
TRACE::2024-02-26.12:24:22::SCWPlatform::Found the Hw Db part of the input DSA
TRACE::2024-02-26.12:24:22::SCWMssOS::Checking the sw design at  C:/Users/UserTP/Desktop/FPGA1-main/Partie3/workspace/TP3_HW/microblaze_0/standalone_domain/bsp/system.mss
TRACE::2024-02-26.12:24:22::SCWMssOS::DEBUG:  swdes dump  C:/Users/UserTP/Desktop/FPGA1-main/Partie3/workspace/TP3_HW/microblaze_0/standalone_domain/bsp/system.mss|system||

TRACE::2024-02-26.12:24:22::SCWMssOS::Sw design exists and opened at  C:/Users/UserTP/Desktop/FPGA1-main/Partie3/workspace/TP3_HW/microblaze_0/standalone_domain/bsp/system.mss
TRACE::2024-02-26.12:24:22::SCWPlatform::Trying to open the hw design at C:/Users/UserTP/Desktop/FPGA1-main/Partie3/workspace/TP3_HW/hw/TP3_wrapper.xsa
TRACE::2024-02-26.12:24:22::SCWPlatform::DSA given C:/Users/UserTP/Desktop/FPGA1-main/Partie3/workspace/TP3_HW/hw/TP3_wrapper.xsa
TRACE::2024-02-26.12:24:22::SCWPlatform::DSA absoulate path C:/Users/UserTP/Desktop/FPGA1-main/Partie3/workspace/TP3_HW/hw/TP3_wrapper.xsa
TRACE::2024-02-26.12:24:22::SCWPlatform::DSA directory C:/Users/UserTP/Desktop/FPGA1-main/Partie3/workspace/TP3_HW/hw
TRACE::2024-02-26.12:24:22::SCWPlatform:: Platform Path C:/Users/UserTP/Desktop/FPGA1-main/Partie3/workspace/TP3_HW/hw/TP3_wrapper.xsa
TRACE::2024-02-26.12:24:22::SCWPlatform:: Unique name xilinx:basys3::0.0
TRACE::2024-02-26.12:24:22::SCWPlatform::Trying to set the existing hwdb with name TP3_wrapper_0
TRACE::2024-02-26.12:24:22::SCWPlatform::Opened existing hwdb TP3_wrapper_0
TRACE::2024-02-26.12:24:22::SCWPlatform::Found the Hw Db part of the input DSA
TRACE::2024-02-26.12:24:22::SCWMssOS::Checking the sw design at  C:/Users/UserTP/Desktop/FPGA1-main/Partie3/workspace/TP3_HW/microblaze_0/standalone_domain/bsp/system.mss
TRACE::2024-02-26.12:24:22::SCWMssOS::DEBUG:  swdes dump  C:/Users/UserTP/Desktop/FPGA1-main/Partie3/workspace/TP3_HW/microblaze_0/standalone_domain/bsp/system.mss|system||

TRACE::2024-02-26.12:24:22::SCWMssOS::Sw design exists and opened at  C:/Users/UserTP/Desktop/FPGA1-main/Partie3/workspace/TP3_HW/microblaze_0/standalone_domain/bsp/system.mss
TRACE::2024-02-26.12:24:22::SCWMssOS::Saving the mss changes C:/Users/UserTP/Desktop/FPGA1-main/Partie3/workspace/TP3_HW/microblaze_0/standalone_domain/bsp/system.mss
TRACE::2024-02-26.12:24:22::SCWMssOS::Found a swdesign opened with the mssfile.
TRACE::2024-02-26.12:24:22::SCWMssOS::Completed writemss as part of save.
TRACE::2024-02-26.12:24:22::SCWMssOS::Commit changes completed.
TRACE::2024-02-26.12:24:22::SCWPlatform::Trying to open the hw design at C:/Users/UserTP/Desktop/FPGA1-main/Partie3/workspace/TP3_HW/hw/TP3_wrapper.xsa
TRACE::2024-02-26.12:24:22::SCWPlatform::DSA given C:/Users/UserTP/Desktop/FPGA1-main/Partie3/workspace/TP3_HW/hw/TP3_wrapper.xsa
TRACE::2024-02-26.12:24:22::SCWPlatform::DSA absoulate path C:/Users/UserTP/Desktop/FPGA1-main/Partie3/workspace/TP3_HW/hw/TP3_wrapper.xsa
TRACE::2024-02-26.12:24:22::SCWPlatform::DSA directory C:/Users/UserTP/Desktop/FPGA1-main/Partie3/workspace/TP3_HW/hw
TRACE::2024-02-26.12:24:22::SCWPlatform:: Platform Path C:/Users/UserTP/Desktop/FPGA1-main/Partie3/workspace/TP3_HW/hw/TP3_wrapper.xsa
TRACE::2024-02-26.12:24:22::SCWPlatform:: Unique name xilinx:basys3::0.0
TRACE::2024-02-26.12:24:22::SCWPlatform::Trying to set the existing hwdb with name TP3_wrapper_0
TRACE::2024-02-26.12:24:22::SCWPlatform::Opened existing hwdb TP3_wrapper_0
TRACE::2024-02-26.12:24:22::SCWPlatform::Found the Hw Db part of the input DSA
TRACE::2024-02-26.12:24:22::SCWMssOS::Checking the sw design at  C:/Users/UserTP/Desktop/FPGA1-main/Partie3/workspace/TP3_HW/microblaze_0/standalone_domain/bsp/system.mss
TRACE::2024-02-26.12:24:22::SCWMssOS::DEBUG:  swdes dump  C:/Users/UserTP/Desktop/FPGA1-main/Partie3/workspace/TP3_HW/microblaze_0/standalone_domain/bsp/system.mss|system||

TRACE::2024-02-26.12:24:22::SCWMssOS::Sw design exists and opened at  C:/Users/UserTP/Desktop/FPGA1-main/Partie3/workspace/TP3_HW/microblaze_0/standalone_domain/bsp/system.mss
TRACE::2024-02-26.12:24:22::SCWPlatform::Trying to open the hw design at C:/Users/UserTP/Desktop/FPGA1-main/Partie3/workspace/TP3_HW/hw/TP3_wrapper.xsa
TRACE::2024-02-26.12:24:22::SCWPlatform::DSA given C:/Users/UserTP/Desktop/FPGA1-main/Partie3/workspace/TP3_HW/hw/TP3_wrapper.xsa
TRACE::2024-02-26.12:24:22::SCWPlatform::DSA absoulate path C:/Users/UserTP/Desktop/FPGA1-main/Partie3/workspace/TP3_HW/hw/TP3_wrapper.xsa
TRACE::2024-02-26.12:24:22::SCWPlatform::DSA directory C:/Users/UserTP/Desktop/FPGA1-main/Partie3/workspace/TP3_HW/hw
TRACE::2024-02-26.12:24:22::SCWPlatform:: Platform Path C:/Users/UserTP/Desktop/FPGA1-main/Partie3/workspace/TP3_HW/hw/TP3_wrapper.xsa
TRACE::2024-02-26.12:24:22::SCWPlatform:: Unique name xilinx:basys3::0.0
TRACE::2024-02-26.12:24:22::SCWPlatform::Trying to set the existing hwdb with name TP3_wrapper_0
TRACE::2024-02-26.12:24:22::SCWPlatform::Opened existing hwdb TP3_wrapper_0
TRACE::2024-02-26.12:24:22::SCWPlatform::Found the Hw Db part of the input DSA
TRACE::2024-02-26.12:24:22::SCWMssOS::Checking the sw design at  C:/Users/UserTP/Desktop/FPGA1-main/Partie3/workspace/TP3_HW/microblaze_0/standalone_domain/bsp/system.mss
TRACE::2024-02-26.12:24:22::SCWMssOS::DEBUG:  swdes dump  C:/Users/UserTP/Desktop/FPGA1-main/Partie3/workspace/TP3_HW/microblaze_0/standalone_domain/bsp/system.mss|system||

TRACE::2024-02-26.12:24:22::SCWMssOS::Sw design exists and opened at  C:/Users/UserTP/Desktop/FPGA1-main/Partie3/workspace/TP3_HW/microblaze_0/standalone_domain/bsp/system.mss
TRACE::2024-02-26.12:24:22::SCWPlatform::Trying to open the hw design at C:/Users/UserTP/Desktop/FPGA1-main/Partie3/workspace/TP3_HW/hw/TP3_wrapper.xsa
TRACE::2024-02-26.12:24:22::SCWPlatform::DSA given C:/Users/UserTP/Desktop/FPGA1-main/Partie3/workspace/TP3_HW/hw/TP3_wrapper.xsa
TRACE::2024-02-26.12:24:22::SCWPlatform::DSA absoulate path C:/Users/UserTP/Desktop/FPGA1-main/Partie3/workspace/TP3_HW/hw/TP3_wrapper.xsa
TRACE::2024-02-26.12:24:22::SCWPlatform::DSA directory C:/Users/UserTP/Desktop/FPGA1-main/Partie3/workspace/TP3_HW/hw
TRACE::2024-02-26.12:24:22::SCWPlatform:: Platform Path C:/Users/UserTP/Desktop/FPGA1-main/Partie3/workspace/TP3_HW/hw/TP3_wrapper.xsa
TRACE::2024-02-26.12:24:22::SCWPlatform:: Unique name xilinx:basys3::0.0
TRACE::2024-02-26.12:24:22::SCWPlatform::Trying to set the existing hwdb with name TP3_wrapper_0
TRACE::2024-02-26.12:24:22::SCWPlatform::Opened existing hwdb TP3_wrapper_0
TRACE::2024-02-26.12:24:22::SCWPlatform::Found the Hw Db part of the input DSA
TRACE::2024-02-26.12:24:22::SCWMssOS::Checking the sw design at  C:/Users/UserTP/Desktop/FPGA1-main/Partie3/workspace/TP3_HW/microblaze_0/standalone_domain/bsp/system.mss
TRACE::2024-02-26.12:24:22::SCWMssOS::DEBUG:  swdes dump  C:/Users/UserTP/Desktop/FPGA1-main/Partie3/workspace/TP3_HW/microblaze_0/standalone_domain/bsp/system.mss|system||

TRACE::2024-02-26.12:24:22::SCWMssOS::Sw design exists and opened at  C:/Users/UserTP/Desktop/FPGA1-main/Partie3/workspace/TP3_HW/microblaze_0/standalone_domain/bsp/system.mss
TRACE::2024-02-26.12:24:22::SCWWriter::formatted JSON is {
	"platformName":	"TP3_HW",
	"sprVersion":	"2.0",
	"mode":	"gui",
	"dsaType":	"Fixed",
	"platformDesc":	"TP3_HW",
	"platHandOff":	"C:/Users/UserTP/Desktop/FPGA1-main/Partie 2/project_2/TP3_wrapper.xsa",
	"platIntHandOff":	"<platformDir>/hw/TP3_wrapper.xsa",
	"deviceType":	"FPGA",
	"platIsPrebuiltAutogen":	"false",
	"platIsNoBootBsp":	"false",
	"hasFsblMakeHasChanges":	"false",
	"hasPmufwMakeHasChanges":	"false",
	"platPreBuiltFlag":	false,
	"platformSamplesDir":	"",
	"platActiveSys":	"TP3_HW",
	"systems":	[{
			"systemName":	"TP3_HW",
			"systemDesc":	"TP3_HW",
			"sysIsBootAutoGen":	"true",
			"systemDispName":	"TP3_HW",
			"sysActiveDom":	"standalone_domain",
			"sysDefaultDom":	"standalone_domain",
			"domains":	[{
					"domainName":	"standalone_domain",
					"domainDispName":	"standalone on microblaze_0",
					"domainDesc":	"standalone_domain",
					"processors":	"microblaze_0",
					"os":	"standalone",
					"sdxOs":	"standalone",
					"debugEnable":	"False",
					"domRuntimes":	["cpp"],
					"swRepo":	"",
					"mssOsVer":	"7.3",
					"mssFile":	"",
					"md5Digest":	"4f64c1204a8968c19ebd5f5caca20144",
					"compatibleApp":	"",
					"domType":	"mssDomain",
					"arch":	"32-bit",
					"appSettings":	{
						"appCompilerFlags":	"",
						"appLinkerFlags":	""
					},
					"addedLibs":	[],
					"libOptions":	{
						"libsContainingOptions":	[]
					},
					"prebuiltLibs":	{
						"prebuiltIncPath":	[],
						"prebuiltLibPath":	[]
					},
					"isolation":	{
					}
				}]
		}]
}
TRACE::2024-02-26.12:24:22::SCWMssOS::Saving the mss changes C:/Users/UserTP/Desktop/FPGA1-main/Partie3/workspace/TP3_HW/microblaze_0/standalone_domain/bsp/system.mss
TRACE::2024-02-26.12:24:22::SCWMssOS::Found a swdesign opened with the mssfile.
TRACE::2024-02-26.12:24:22::SCWMssOS::Completed writemss as part of save.
TRACE::2024-02-26.12:24:22::SCWMssOS::Commit changes completed.
TRACE::2024-02-26.12:24:22::SCWPlatform::Trying to open the hw design at C:/Users/UserTP/Desktop/FPGA1-main/Partie3/workspace/TP3_HW/hw/TP3_wrapper.xsa
TRACE::2024-02-26.12:24:22::SCWPlatform::DSA given C:/Users/UserTP/Desktop/FPGA1-main/Partie3/workspace/TP3_HW/hw/TP3_wrapper.xsa
TRACE::2024-02-26.12:24:22::SCWPlatform::DSA absoulate path C:/Users/UserTP/Desktop/FPGA1-main/Partie3/workspace/TP3_HW/hw/TP3_wrapper.xsa
TRACE::2024-02-26.12:24:22::SCWPlatform::DSA directory C:/Users/UserTP/Desktop/FPGA1-main/Partie3/workspace/TP3_HW/hw
TRACE::2024-02-26.12:24:22::SCWPlatform:: Platform Path C:/Users/UserTP/Desktop/FPGA1-main/Partie3/workspace/TP3_HW/hw/TP3_wrapper.xsa
TRACE::2024-02-26.12:24:22::SCWPlatform:: Unique name xilinx:basys3::0.0
TRACE::2024-02-26.12:24:22::SCWPlatform::Trying to set the existing hwdb with name TP3_wrapper_0
TRACE::2024-02-26.12:24:22::SCWPlatform::Opened existing hwdb TP3_wrapper_0
TRACE::2024-02-26.12:24:22::SCWPlatform::Found the Hw Db part of the input DSA
TRACE::2024-02-26.12:24:22::SCWMssOS::Checking the sw design at  C:/Users/UserTP/Desktop/FPGA1-main/Partie3/workspace/TP3_HW/microblaze_0/standalone_domain/bsp/system.mss
TRACE::2024-02-26.12:24:22::SCWMssOS::DEBUG:  swdes dump  C:/Users/UserTP/Desktop/FPGA1-main/Partie3/workspace/TP3_HW/microblaze_0/standalone_domain/bsp/system.mss|system||

TRACE::2024-02-26.12:24:22::SCWMssOS::Sw design exists and opened at  C:/Users/UserTP/Desktop/FPGA1-main/Partie3/workspace/TP3_HW/microblaze_0/standalone_domain/bsp/system.mss
TRACE::2024-02-26.12:24:22::SCWPlatform::Trying to open the hw design at C:/Users/UserTP/Desktop/FPGA1-main/Partie3/workspace/TP3_HW/hw/TP3_wrapper.xsa
TRACE::2024-02-26.12:24:22::SCWPlatform::DSA given C:/Users/UserTP/Desktop/FPGA1-main/Partie3/workspace/TP3_HW/hw/TP3_wrapper.xsa
TRACE::2024-02-26.12:24:22::SCWPlatform::DSA absoulate path C:/Users/UserTP/Desktop/FPGA1-main/Partie3/workspace/TP3_HW/hw/TP3_wrapper.xsa
TRACE::2024-02-26.12:24:22::SCWPlatform::DSA directory C:/Users/UserTP/Desktop/FPGA1-main/Partie3/workspace/TP3_HW/hw
TRACE::2024-02-26.12:24:22::SCWPlatform:: Platform Path C:/Users/UserTP/Desktop/FPGA1-main/Partie3/workspace/TP3_HW/hw/TP3_wrapper.xsa
TRACE::2024-02-26.12:24:22::SCWPlatform:: Unique name xilinx:basys3::0.0
TRACE::2024-02-26.12:24:22::SCWPlatform::Trying to set the existing hwdb with name TP3_wrapper_0
TRACE::2024-02-26.12:24:22::SCWPlatform::Opened existing hwdb TP3_wrapper_0
TRACE::2024-02-26.12:24:22::SCWPlatform::Found the Hw Db part of the input DSA
TRACE::2024-02-26.12:24:22::SCWMssOS::Checking the sw design at  C:/Users/UserTP/Desktop/FPGA1-main/Partie3/workspace/TP3_HW/microblaze_0/standalone_domain/bsp/system.mss
TRACE::2024-02-26.12:24:22::SCWMssOS::DEBUG:  swdes dump  C:/Users/UserTP/Desktop/FPGA1-main/Partie3/workspace/TP3_HW/microblaze_0/standalone_domain/bsp/system.mss|system||

TRACE::2024-02-26.12:24:22::SCWMssOS::Sw design exists and opened at  C:/Users/UserTP/Desktop/FPGA1-main/Partie3/workspace/TP3_HW/microblaze_0/standalone_domain/bsp/system.mss
TRACE::2024-02-26.12:24:22::SCWPlatform::Trying to open the hw design at C:/Users/UserTP/Desktop/FPGA1-main/Partie3/workspace/TP3_HW/hw/TP3_wrapper.xsa
TRACE::2024-02-26.12:24:22::SCWPlatform::DSA given C:/Users/UserTP/Desktop/FPGA1-main/Partie3/workspace/TP3_HW/hw/TP3_wrapper.xsa
TRACE::2024-02-26.12:24:22::SCWPlatform::DSA absoulate path C:/Users/UserTP/Desktop/FPGA1-main/Partie3/workspace/TP3_HW/hw/TP3_wrapper.xsa
TRACE::2024-02-26.12:24:22::SCWPlatform::DSA directory C:/Users/UserTP/Desktop/FPGA1-main/Partie3/workspace/TP3_HW/hw
TRACE::2024-02-26.12:24:22::SCWPlatform:: Platform Path C:/Users/UserTP/Desktop/FPGA1-main/Partie3/workspace/TP3_HW/hw/TP3_wrapper.xsa
TRACE::2024-02-26.12:24:22::SCWPlatform:: Unique name xilinx:basys3::0.0
TRACE::2024-02-26.12:24:22::SCWPlatform::Trying to set the existing hwdb with name TP3_wrapper_0
TRACE::2024-02-26.12:24:22::SCWPlatform::Opened existing hwdb TP3_wrapper_0
TRACE::2024-02-26.12:24:22::SCWPlatform::Found the Hw Db part of the input DSA
TRACE::2024-02-26.12:24:22::SCWMssOS::Checking the sw design at  C:/Users/UserTP/Desktop/FPGA1-main/Partie3/workspace/TP3_HW/microblaze_0/standalone_domain/bsp/system.mss
TRACE::2024-02-26.12:24:22::SCWMssOS::DEBUG:  swdes dump  C:/Users/UserTP/Desktop/FPGA1-main/Partie3/workspace/TP3_HW/microblaze_0/standalone_domain/bsp/system.mss|system||

TRACE::2024-02-26.12:24:22::SCWMssOS::Sw design exists and opened at  C:/Users/UserTP/Desktop/FPGA1-main/Partie3/workspace/TP3_HW/microblaze_0/standalone_domain/bsp/system.mss
TRACE::2024-02-26.12:24:22::SCWWriter::formatted JSON is {
	"platformName":	"TP3_HW",
	"sprVersion":	"2.0",
	"mode":	"gui",
	"dsaType":	"Fixed",
	"platformDesc":	"TP3_HW",
	"platHandOff":	"C:/Users/UserTP/Desktop/FPGA1-main/Partie 2/project_2/TP3_wrapper.xsa",
	"platIntHandOff":	"<platformDir>/hw/TP3_wrapper.xsa",
	"deviceType":	"FPGA",
	"platIsPrebuiltAutogen":	"false",
	"platIsNoBootBsp":	"false",
	"hasFsblMakeHasChanges":	"false",
	"hasPmufwMakeHasChanges":	"false",
	"platPreBuiltFlag":	false,
	"platformSamplesDir":	"",
	"platActiveSys":	"TP3_HW",
	"systems":	[{
			"systemName":	"TP3_HW",
			"systemDesc":	"TP3_HW",
			"sysIsBootAutoGen":	"true",
			"systemDispName":	"TP3_HW",
			"sysActiveDom":	"standalone_domain",
			"sysDefaultDom":	"standalone_domain",
			"domains":	[{
					"domainName":	"standalone_domain",
					"domainDispName":	"standalone on microblaze_0",
					"domainDesc":	"standalone_domain",
					"processors":	"microblaze_0",
					"os":	"standalone",
					"sdxOs":	"standalone",
					"debugEnable":	"False",
					"domRuntimes":	["cpp"],
					"swRepo":	"",
					"mssOsVer":	"7.3",
					"mssFile":	"",
					"md5Digest":	"4f64c1204a8968c19ebd5f5caca20144",
					"compatibleApp":	"",
					"domType":	"mssDomain",
					"arch":	"32-bit",
					"appSettings":	{
						"appCompilerFlags":	"",
						"appLinkerFlags":	""
					},
					"addedLibs":	[],
					"libOptions":	{
						"libsContainingOptions":	[]
					},
					"prebuiltLibs":	{
						"prebuiltIncPath":	[],
						"prebuiltLibPath":	[]
					},
					"isolation":	{
					}
				}]
		}]
}
TRACE::2024-02-26.12:24:22::SCWPlatform::Clearing the existing platform
TRACE::2024-02-26.12:24:22::SCWSystem::Clearing the existing sysconfig
TRACE::2024-02-26.12:24:22::SCWMssOS::Removing the swdes entry for  C:/Users/UserTP/Desktop/FPGA1-main/Partie3/workspace/TP3_HW/microblaze_0/standalone_domain/bsp/system.mss
TRACE::2024-02-26.12:24:22::SCWSystem::Clearing the domains completed.
TRACE::2024-02-26.12:24:22::SCWPlatform::Clearing the opened hw db.
TRACE::2024-02-26.12:24:22::SCWPlatform::DSA given C:/Users/UserTP/Desktop/FPGA1-main/Partie3/workspace/TP3_HW/hw/TP3_wrapper.xsa
TRACE::2024-02-26.12:24:22::SCWPlatform::DSA absoulate path C:/Users/UserTP/Desktop/FPGA1-main/Partie3/workspace/TP3_HW/hw/TP3_wrapper.xsa
TRACE::2024-02-26.12:24:22::SCWPlatform:: Platform location is C:/Users/UserTP/Desktop/FPGA1-main/Partie3/workspace/TP3_HW/hw
TRACE::2024-02-26.12:24:22::SCWPlatform:: Platform Path C:/Users/UserTP/Desktop/FPGA1-main/Partie3/workspace/TP3_HW/hw/TP3_wrapper.xsa
TRACE::2024-02-26.12:24:22::SCWPlatform:: Unique name xilinx:basys3::0.0
TRACE::2024-02-26.12:24:22::SCWPlatform::Removing the HwDB with name C:/Users/UserTP/Desktop/FPGA1-main/Partie3/workspace/TP3_HW/hw/TP3_wrapper.xsa
TRACE::2024-02-26.12:24:22::SCWPlatform::Trying to open the hw design at C:/Users/UserTP/Desktop/FPGA1-main/Partie3/workspace/TP3_HW/hw/TP3_wrapper.xsa
TRACE::2024-02-26.12:24:22::SCWPlatform::DSA given C:/Users/UserTP/Desktop/FPGA1-main/Partie3/workspace/TP3_HW/hw/TP3_wrapper.xsa
TRACE::2024-02-26.12:24:22::SCWPlatform::DSA absoulate path C:/Users/UserTP/Desktop/FPGA1-main/Partie3/workspace/TP3_HW/hw/TP3_wrapper.xsa
TRACE::2024-02-26.12:24:22::SCWPlatform::DSA directory C:/Users/UserTP/Desktop/FPGA1-main/Partie3/workspace/TP3_HW/hw
TRACE::2024-02-26.12:24:22::SCWPlatform:: Platform Path C:/Users/UserTP/Desktop/FPGA1-main/Partie3/workspace/TP3_HW/hw/TP3_wrapper.xsa
TRACE::2024-02-26.12:24:22::SCWPlatform:: Unique name xilinx:basys3::0.0
TRACE::2024-02-26.12:24:22::SCWPlatform::Do not have an existing db opened. 
TRACE::2024-02-26.12:24:22::SCWPlatform::Opened new HwDB with name TP3_wrapper_1
TRACE::2024-02-26.12:24:22::SCWReader::Active system found as  TP3_HW
TRACE::2024-02-26.12:24:22::SCWReader::Handling sysconfig TP3_HW
TRACE::2024-02-26.12:24:22::SCWDomain::checking for install qemu data   : 
TRACE::2024-02-26.12:24:22::SCWPlatform::Trying to open the hw design at C:/Users/UserTP/Desktop/FPGA1-main/Partie3/workspace/TP3_HW/hw/TP3_wrapper.xsa
TRACE::2024-02-26.12:24:22::SCWPlatform::DSA given C:/Users/UserTP/Desktop/FPGA1-main/Partie3/workspace/TP3_HW/hw/TP3_wrapper.xsa
TRACE::2024-02-26.12:24:22::SCWPlatform::DSA absoulate path C:/Users/UserTP/Desktop/FPGA1-main/Partie3/workspace/TP3_HW/hw/TP3_wrapper.xsa
TRACE::2024-02-26.12:24:22::SCWPlatform::DSA directory C:/Users/UserTP/Desktop/FPGA1-main/Partie3/workspace/TP3_HW/hw
TRACE::2024-02-26.12:24:22::SCWPlatform:: Platform Path C:/Users/UserTP/Desktop/FPGA1-main/Partie3/workspace/TP3_HW/hw/TP3_wrapper.xsa
TRACE::2024-02-26.12:24:22::SCWPlatform:: Unique name xilinx:basys3::0.0
TRACE::2024-02-26.12:24:22::SCWPlatform::Trying to set the existing hwdb with name TP3_wrapper_1
TRACE::2024-02-26.12:24:22::SCWPlatform::Opened existing hwdb TP3_wrapper_1
TRACE::2024-02-26.12:24:22::SCWPlatform::Found the Hw Db part of the input DSA
TRACE::2024-02-26.12:24:22::SCWPlatform::Trying to open the hw design at C:/Users/UserTP/Desktop/FPGA1-main/Partie3/workspace/TP3_HW/hw/TP3_wrapper.xsa
TRACE::2024-02-26.12:24:22::SCWPlatform::DSA given C:/Users/UserTP/Desktop/FPGA1-main/Partie3/workspace/TP3_HW/hw/TP3_wrapper.xsa
TRACE::2024-02-26.12:24:22::SCWPlatform::DSA absoulate path C:/Users/UserTP/Desktop/FPGA1-main/Partie3/workspace/TP3_HW/hw/TP3_wrapper.xsa
TRACE::2024-02-26.12:24:22::SCWPlatform::DSA directory C:/Users/UserTP/Desktop/FPGA1-main/Partie3/workspace/TP3_HW/hw
TRACE::2024-02-26.12:24:22::SCWPlatform:: Platform Path C:/Users/UserTP/Desktop/FPGA1-main/Partie3/workspace/TP3_HW/hw/TP3_wrapper.xsa
TRACE::2024-02-26.12:24:22::SCWPlatform:: Unique name xilinx:basys3::0.0
TRACE::2024-02-26.12:24:22::SCWPlatform::Trying to set the existing hwdb with name TP3_wrapper_1
TRACE::2024-02-26.12:24:22::SCWPlatform::Opened existing hwdb TP3_wrapper_1
TRACE::2024-02-26.12:24:22::SCWPlatform::Found the Hw Db part of the input DSA
TRACE::2024-02-26.12:24:22::SCWPlatform::Trying to open the hw design at C:/Users/UserTP/Desktop/FPGA1-main/Partie3/workspace/TP3_HW/hw/TP3_wrapper.xsa
TRACE::2024-02-26.12:24:22::SCWPlatform::DSA given C:/Users/UserTP/Desktop/FPGA1-main/Partie3/workspace/TP3_HW/hw/TP3_wrapper.xsa
TRACE::2024-02-26.12:24:22::SCWPlatform::DSA absoulate path C:/Users/UserTP/Desktop/FPGA1-main/Partie3/workspace/TP3_HW/hw/TP3_wrapper.xsa
TRACE::2024-02-26.12:24:22::SCWPlatform::DSA directory C:/Users/UserTP/Desktop/FPGA1-main/Partie3/workspace/TP3_HW/hw
TRACE::2024-02-26.12:24:22::SCWPlatform:: Platform Path C:/Users/UserTP/Desktop/FPGA1-main/Partie3/workspace/TP3_HW/hw/TP3_wrapper.xsa
TRACE::2024-02-26.12:24:22::SCWPlatform:: Unique name xilinx:basys3::0.0
TRACE::2024-02-26.12:24:22::SCWPlatform::Trying to set the existing hwdb with name TP3_wrapper_1
TRACE::2024-02-26.12:24:22::SCWPlatform::Opened existing hwdb TP3_wrapper_1
TRACE::2024-02-26.12:24:22::SCWPlatform::Found the Hw Db part of the input DSA
TRACE::2024-02-26.12:24:22::SCWPlatform::Trying to open the hw design at C:/Users/UserTP/Desktop/FPGA1-main/Partie3/workspace/TP3_HW/hw/TP3_wrapper.xsa
TRACE::2024-02-26.12:24:22::SCWPlatform::DSA given C:/Users/UserTP/Desktop/FPGA1-main/Partie3/workspace/TP3_HW/hw/TP3_wrapper.xsa
TRACE::2024-02-26.12:24:22::SCWPlatform::DSA absoulate path C:/Users/UserTP/Desktop/FPGA1-main/Partie3/workspace/TP3_HW/hw/TP3_wrapper.xsa
TRACE::2024-02-26.12:24:22::SCWPlatform::DSA directory C:/Users/UserTP/Desktop/FPGA1-main/Partie3/workspace/TP3_HW/hw
TRACE::2024-02-26.12:24:22::SCWPlatform:: Platform Path C:/Users/UserTP/Desktop/FPGA1-main/Partie3/workspace/TP3_HW/hw/TP3_wrapper.xsa
TRACE::2024-02-26.12:24:22::SCWPlatform:: Unique name xilinx:basys3::0.0
TRACE::2024-02-26.12:24:22::SCWPlatform::Trying to set the existing hwdb with name TP3_wrapper_1
TRACE::2024-02-26.12:24:22::SCWPlatform::Opened existing hwdb TP3_wrapper_1
TRACE::2024-02-26.12:24:22::SCWPlatform::Found the Hw Db part of the input DSA
TRACE::2024-02-26.12:24:22::SCWMssOS::Checking the sw design at  C:/Users/UserTP/Desktop/FPGA1-main/Partie3/workspace/TP3_HW/microblaze_0/standalone_domain/bsp/system.mss
TRACE::2024-02-26.12:24:22::SCWMssOS::DEBUG:  swdes dump  
TRACE::2024-02-26.12:24:22::SCWMssOS::No sw design opened at  C:/Users/UserTP/Desktop/FPGA1-main/Partie3/workspace/TP3_HW/microblaze_0/standalone_domain/bsp/system.mss
TRACE::2024-02-26.12:24:22::SCWMssOS::mss exists loading the mss file  C:/Users/UserTP/Desktop/FPGA1-main/Partie3/workspace/TP3_HW/microblaze_0/standalone_domain/bsp/system.mss
TRACE::2024-02-26.12:24:22::SCWMssOS::Opened the sw design from mss  C:/Users/UserTP/Desktop/FPGA1-main/Partie3/workspace/TP3_HW/microblaze_0/standalone_domain/bsp/system.mss
TRACE::2024-02-26.12:24:22::SCWMssOS::Adding the swdes entry C:/Users/UserTP/Desktop/FPGA1-main/Partie3/workspace/TP3_HW/microblaze_0/standalone_domain/bsp/system.mss with des name system
TRACE::2024-02-26.12:24:22::SCWMssOS::updating the scw layer about changes
TRACE::2024-02-26.12:24:22::SCWMssOS::Opened the sw design.  C:/Users/UserTP/Desktop/FPGA1-main/Partie3/workspace/TP3_HW/microblaze_0/standalone_domain/bsp/system.mss
TRACE::2024-02-26.12:24:22::SCWMssOS::Saving the mss changes C:/Users/UserTP/Desktop/FPGA1-main/Partie3/workspace/TP3_HW/microblaze_0/standalone_domain/bsp/system.mss
TRACE::2024-02-26.12:24:22::SCWMssOS::Found a swdesign opened with the mssfile.
TRACE::2024-02-26.12:24:22::SCWMssOS::Completed writemss as part of save.
TRACE::2024-02-26.12:24:22::SCWMssOS::Commit changes completed.
TRACE::2024-02-26.12:24:22::SCWReader::Adding prebuilt librarypaths as   
TRACE::2024-02-26.12:24:22::SCWReader::Adding prebuilt incpaths  as   
TRACE::2024-02-26.12:24:22::SCWPlatform::Trying to open the hw design at C:/Users/UserTP/Desktop/FPGA1-main/Partie3/workspace/TP3_HW/hw/TP3_wrapper.xsa
TRACE::2024-02-26.12:24:22::SCWPlatform::DSA given C:/Users/UserTP/Desktop/FPGA1-main/Partie3/workspace/TP3_HW/hw/TP3_wrapper.xsa
TRACE::2024-02-26.12:24:22::SCWPlatform::DSA absoulate path C:/Users/UserTP/Desktop/FPGA1-main/Partie3/workspace/TP3_HW/hw/TP3_wrapper.xsa
TRACE::2024-02-26.12:24:22::SCWPlatform::DSA directory C:/Users/UserTP/Desktop/FPGA1-main/Partie3/workspace/TP3_HW/hw
TRACE::2024-02-26.12:24:22::SCWPlatform:: Platform Path C:/Users/UserTP/Desktop/FPGA1-main/Partie3/workspace/TP3_HW/hw/TP3_wrapper.xsa
TRACE::2024-02-26.12:24:22::SCWPlatform:: Unique name xilinx:basys3::0.0
TRACE::2024-02-26.12:24:22::SCWPlatform::Trying to set the existing hwdb with name TP3_wrapper_1
TRACE::2024-02-26.12:24:22::SCWPlatform::Opened existing hwdb TP3_wrapper_1
TRACE::2024-02-26.12:24:22::SCWPlatform::Found the Hw Db part of the input DSA
TRACE::2024-02-26.12:24:22::SCWMssOS::Checking the sw design at  C:/Users/UserTP/Desktop/FPGA1-main/Partie3/workspace/TP3_HW/microblaze_0/standalone_domain/bsp/system.mss
TRACE::2024-02-26.12:24:22::SCWMssOS::DEBUG:  swdes dump  C:/Users/UserTP/Desktop/FPGA1-main/Partie3/workspace/TP3_HW/microblaze_0/standalone_domain/bsp/system.mss|system||

TRACE::2024-02-26.12:24:22::SCWMssOS::Sw design exists and opened at  C:/Users/UserTP/Desktop/FPGA1-main/Partie3/workspace/TP3_HW/microblaze_0/standalone_domain/bsp/system.mss
TRACE::2024-02-26.12:24:22::SCWReader::No isolation master present  
LOG::2024-02-26.12:26:47::SCWPlatform::Started generating the artifacts platform TP3_HW
TRACE::2024-02-26.12:26:47::SCWPlatform::Sanity checking of platform is completed
LOG::2024-02-26.12:26:47::SCWPlatform::Started generating the artifacts for system configuration TP3_HW
LOG::2024-02-26.12:26:47::SCWSystem::Checking the domain standalone_domain
LOG::2024-02-26.12:26:47::SCWSystem::Not a boot domain 
LOG::2024-02-26.12:26:47::SCWSystem::Started Processing the domain standalone_domain
TRACE::2024-02-26.12:26:47::SCWDomain::Generating domain artifcats
TRACE::2024-02-26.12:26:47::SCWMssOS::Generating standalone artifcats
TRACE::2024-02-26.12:26:47::SCWMssOS:: Copying the user libraries. 
TRACE::2024-02-26.12:26:47::SCWPlatform::Trying to open the hw design at C:/Users/UserTP/Desktop/FPGA1-main/Partie3/workspace/TP3_HW/hw/TP3_wrapper.xsa
TRACE::2024-02-26.12:26:47::SCWPlatform::DSA given C:/Users/UserTP/Desktop/FPGA1-main/Partie3/workspace/TP3_HW/hw/TP3_wrapper.xsa
TRACE::2024-02-26.12:26:47::SCWPlatform::DSA absoulate path C:/Users/UserTP/Desktop/FPGA1-main/Partie3/workspace/TP3_HW/hw/TP3_wrapper.xsa
TRACE::2024-02-26.12:26:47::SCWPlatform::DSA directory C:/Users/UserTP/Desktop/FPGA1-main/Partie3/workspace/TP3_HW/hw
TRACE::2024-02-26.12:26:47::SCWPlatform:: Platform Path C:/Users/UserTP/Desktop/FPGA1-main/Partie3/workspace/TP3_HW/hw/TP3_wrapper.xsa
TRACE::2024-02-26.12:26:47::SCWPlatform:: Unique name xilinx:basys3::0.0
TRACE::2024-02-26.12:26:47::SCWPlatform::Trying to set the existing hwdb with name TP3_wrapper_1
TRACE::2024-02-26.12:26:47::SCWPlatform::Opened existing hwdb TP3_wrapper_1
TRACE::2024-02-26.12:26:47::SCWPlatform::Found the Hw Db part of the input DSA
TRACE::2024-02-26.12:26:47::SCWMssOS::Checking the sw design at  C:/Users/UserTP/Desktop/FPGA1-main/Partie3/workspace/TP3_HW/microblaze_0/standalone_domain/bsp/system.mss
TRACE::2024-02-26.12:26:47::SCWMssOS::DEBUG:  swdes dump  C:/Users/UserTP/Desktop/FPGA1-main/Partie3/workspace/TP3_HW/microblaze_0/standalone_domain/bsp/system.mss|system||

TRACE::2024-02-26.12:26:47::SCWMssOS::Sw design exists and opened at  C:/Users/UserTP/Desktop/FPGA1-main/Partie3/workspace/TP3_HW/microblaze_0/standalone_domain/bsp/system.mss
TRACE::2024-02-26.12:26:47::SCWMssOS::Completed writing the mss file at C:/Users/UserTP/Desktop/FPGA1-main/Partie3/workspace/TP3_HW/microblaze_0/standalone_domain/bsp
TRACE::2024-02-26.12:26:47::SCWMssOS::Mss edits present, copying mssfile into export location C:/Users/UserTP/Desktop/FPGA1-main/Partie3/workspace/TP3_HW/microblaze_0/standalone_domain/bsp/system.mss
TRACE::2024-02-26.12:26:47::SCWMssOS::bsp generated is upto date with the mss file. Skipping bsp generation.
TRACE::2024-02-26.12:26:47::SCWMssOS::BSP is already built. skipping the bsp build ... 
TRACE::2024-02-26.12:26:47::SCWDomain::Building the domain as part of full build :  standalone_domain
TRACE::2024-02-26.12:26:47::SCWMssOS::doing bsp build ... 
TRACE::2024-02-26.12:26:47::SCWMssOS::System Command Ran  C: & cd  C:/Users/UserTP/Desktop/FPGA1-main/Partie3/workspace/TP3_HW/microblaze_0/standalone_domain/bsp & make 
TRACE::2024-02-26.12:26:47::SCWMssOS::make --no-print-directory seq_libs

TRACE::2024-02-26.12:26:47::SCWMssOS::"Running Make include in microblaze_0/libsrc/bram_v4_5/src"

TRACE::2024-02-26.12:26:47::SCWMssOS::make -C microblaze_0/libsrc/bram_v4_5/src -s include  "SHELL=CMD" "COMPILER=mb-gcc" "ASSEMBLER=mb-as" "ARCHIVER=mb-ar" "COMPILE
TRACE::2024-02-26.12:26:47::SCWMssOS::R_FLAGS=  -O2 -c -mcpu=v11.0 -mlittle-endian -mxl-soft-mul" "EXTRA_COMPILER_FLAGS=-g -ffunction-sections -fdata-sections -Wall 
TRACE::2024-02-26.12:26:47::SCWMssOS::-Wextra"

TRACE::2024-02-26.12:26:47::SCWMssOS::"Running Make include in microblaze_0/libsrc/cpu_v2_12/src"

TRACE::2024-02-26.12:26:47::SCWMssOS::make -C microblaze_0/libsrc/cpu_v2_12/src -s include  "SHELL=CMD" "COMPILER=mb-gcc" "ASSEMBLER=mb-as" "ARCHIVER=mb-ar" "COMPILE
TRACE::2024-02-26.12:26:47::SCWMssOS::R_FLAGS=  -O2 -c -mcpu=v11.0 -mlittle-endian -mxl-soft-mul" "EXTRA_COMPILER_FLAGS=-g -ffunction-sections -fdata-sections -Wall 
TRACE::2024-02-26.12:26:47::SCWMssOS::-Wextra"

TRACE::2024-02-26.12:26:47::SCWMssOS::"Running Make include in microblaze_0/libsrc/gpio_v4_7/src"

TRACE::2024-02-26.12:26:47::SCWMssOS::make -C microblaze_0/libsrc/gpio_v4_7/src -s include  "SHELL=CMD" "COMPILER=mb-gcc" "ASSEMBLER=mb-as" "ARCHIVER=mb-ar" "COMPILE
TRACE::2024-02-26.12:26:47::SCWMssOS::R_FLAGS=  -O2 -c -mcpu=v11.0 -mlittle-endian -mxl-soft-mul" "EXTRA_COMPILER_FLAGS=-g -ffunction-sections -fdata-sections -Wall 
TRACE::2024-02-26.12:26:47::SCWMssOS::-Wextra"

TRACE::2024-02-26.12:26:47::SCWMssOS::"Running Make include in microblaze_0/libsrc/intc_v3_12/src"

TRACE::2024-02-26.12:26:47::SCWMssOS::make -C microblaze_0/libsrc/intc_v3_12/src -s include  "SHELL=CMD" "COMPILER=mb-gcc" "ASSEMBLER=mb-as" "ARCHIVER=mb-ar" "COMPIL
TRACE::2024-02-26.12:26:47::SCWMssOS::ER_FLAGS=  -O2 -c -mcpu=v11.0 -mlittle-endian -mxl-soft-mul" "EXTRA_COMPILER_FLAGS=-g -ffunction-sections -fdata-sections -Wall
TRACE::2024-02-26.12:26:47::SCWMssOS:: -Wextra"

TRACE::2024-02-26.12:26:47::SCWMssOS::"Running Make include in microblaze_0/libsrc/my_led_v1_0/src"

TRACE::2024-02-26.12:26:47::SCWMssOS::make -C microblaze_0/libsrc/my_led_v1_0/src -s include  "SHELL=CMD" "COMPILER=mb-gcc" "ASSEMBLER=mb-as" "ARCHIVER=mb-ar" "COMPI
TRACE::2024-02-26.12:26:47::SCWMssOS::LER_FLAGS=  -O2 -c -mcpu=v11.0 -mlittle-endian -mxl-soft-mul" "EXTRA_COMPILER_FLAGS=-g -ffunction-sections -fdata-sections -Wal
TRACE::2024-02-26.12:26:47::SCWMssOS::l -Wextra"

TRACE::2024-02-26.12:26:48::SCWMssOS::"Running Make include in microblaze_0/libsrc/standalone_v7_3/src"

TRACE::2024-02-26.12:26:48::SCWMssOS::make -C microblaze_0/libsrc/standalone_v7_3/src -s include  "SHELL=CMD" "COMPILER=mb-gcc" "ASSEMBLER=mb-as" "ARCHIVER=mb-ar" "C
TRACE::2024-02-26.12:26:48::SCWMssOS::OMPILER_FLAGS=  -O2 -c -mcpu=v11.0 -mlittle-endian -mxl-soft-mul" "EXTRA_COMPILER_FLAGS=-g -ffunction-sections -fdata-sections 
TRACE::2024-02-26.12:26:48::SCWMssOS::-Wall -Wextra"

TRACE::2024-02-26.12:26:48::SCWMssOS::"Running Make libs in microblaze_0/libsrc/my_led_v1_0/src"

TRACE::2024-02-26.12:26:48::SCWMssOS::make -C microblaze_0/libsrc/my_led_v1_0/src -s libs  "SHELL=CMD" "COMPILER=mb-gcc" "ASSEMBLER=mb-as" "ARCHIVER=mb-ar" "COMPILER
TRACE::2024-02-26.12:26:48::SCWMssOS::_FLAGS=  -O2 -c -mcpu=v11.0 -mlittle-endian -mxl-soft-mul" "EXTRA_COMPILER_FLAGS=-g -ffunction-sections -fdata-sections -Wall -
TRACE::2024-02-26.12:26:48::SCWMssOS::Wextra"

TRACE::2024-02-26.12:26:48::SCWMssOS::"Compiling my_led..."

TRACE::2024-02-26.12:26:50::SCWMssOS::'Finished building libraries sequentially.'

TRACE::2024-02-26.12:26:50::SCWMssOS::make -j --no-print-directory par_libs

TRACE::2024-02-26.12:26:50::SCWMssOS::"Running Make include in microblaze_0/libsrc/bram_v4_5/src"

TRACE::2024-02-26.12:26:50::SCWMssOS::make -C microblaze_0/libsrc/bram_v4_5/src -s include  "SHELL=CMD" "COMPILER=mb-gcc" "ASSEMBLER=mb-as" "ARCHIVER=mb-ar" "COMPILE
TRACE::2024-02-26.12:26:50::SCWMssOS::R_FLAGS=  -O2 -c -mcpu=v11.0 -mlittle-endian -mxl-soft-mul" "EXTRA_COMPILER_FLAGS=-g -ffunction-sections -fdata-sections -Wall 
TRACE::2024-02-26.12:26:50::SCWMssOS::-Wextra"

TRACE::2024-02-26.12:26:50::SCWMssOS::"Running Make include in microblaze_0/libsrc/cpu_v2_12/src"

TRACE::2024-02-26.12:26:50::SCWMssOS::make -C microblaze_0/libsrc/cpu_v2_12/src -s include  "SHELL=CMD" "COMPILER=mb-gcc" "ASSEMBLER=mb-as" "ARCHIVER=mb-ar" "COMPILE
TRACE::2024-02-26.12:26:50::SCWMssOS::R_FLAGS=  -O2 -c -mcpu=v11.0 -mlittle-endian -mxl-soft-mul" "EXTRA_COMPILER_FLAGS=-g -ffunction-sections -fdata-sections -Wall 
TRACE::2024-02-26.12:26:50::SCWMssOS::-Wextra"

TRACE::2024-02-26.12:26:50::SCWMssOS::"Running Make include in microblaze_0/libsrc/gpio_v4_7/src"

TRACE::2024-02-26.12:26:50::SCWMssOS::make -C microblaze_0/libsrc/gpio_v4_7/src -s include  "SHELL=CMD" "COMPILER=mb-gcc" "ASSEMBLER=mb-as" "ARCHIVER=mb-ar" "COMPILE
TRACE::2024-02-26.12:26:50::SCWMssOS::R_FLAGS=  -O2 -c -mcpu=v11.0 -mlittle-endian -mxl-soft-mul" "EXTRA_COMPILER_FLAGS=-g -ffunction-sections -fdata-sections -Wall 
TRACE::2024-02-26.12:26:50::SCWMssOS::-Wextra"

TRACE::2024-02-26.12:26:50::SCWMssOS::"Running Make include in microblaze_0/libsrc/intc_v3_12/src"

TRACE::2024-02-26.12:26:50::SCWMssOS::make -C microblaze_0/libsrc/intc_v3_12/src -s include  "SHELL=CMD" "COMPILER=mb-gcc" "ASSEMBLER=mb-as" "ARCHIVER=mb-ar" "COMPIL
TRACE::2024-02-26.12:26:50::SCWMssOS::ER_FLAGS=  -O2 -c -mcpu=v11.0 -mlittle-endian -mxl-soft-mul" "EXTRA_COMPILER_FLAGS=-g -ffunction-sections -fdata-sections -Wall
TRACE::2024-02-26.12:26:50::SCWMssOS:: -Wextra"

TRACE::2024-02-26.12:26:50::SCWMssOS::"Running Make include in microblaze_0/libsrc/my_led_v1_0/src"

TRACE::2024-02-26.12:26:50::SCWMssOS::make -C microblaze_0/libsrc/my_led_v1_0/src -s include  "SHELL=CMD" "COMPILER=mb-gcc" "ASSEMBLER=mb-as" "ARCHIVER=mb-ar" "COMPI
TRACE::2024-02-26.12:26:50::SCWMssOS::LER_FLAGS=  -O2 -c -mcpu=v11.0 -mlittle-endian -mxl-soft-mul" "EXTRA_COMPILER_FLAGS=-g -ffunction-sections -fdata-sections -Wal
TRACE::2024-02-26.12:26:50::SCWMssOS::l -Wextra"

TRACE::2024-02-26.12:26:50::SCWMssOS::"Running Make include in microblaze_0/libsrc/standalone_v7_3/src"

TRACE::2024-02-26.12:26:50::SCWMssOS::make -C microblaze_0/libsrc/standalone_v7_3/src -s include  "SHELL=CMD" "COMPILER=mb-gcc" "ASSEMBLER=mb-as" "ARCHIVER=mb-ar" "C
TRACE::2024-02-26.12:26:50::SCWMssOS::OMPILER_FLAGS=  -O2 -c -mcpu=v11.0 -mlittle-endian -mxl-soft-mul" "EXTRA_COMPILER_FLAGS=-g -ffunction-sections -fdata-sections 
TRACE::2024-02-26.12:26:50::SCWMssOS::-Wall -Wextra"

TRACE::2024-02-26.12:26:50::SCWMssOS::"Running Make libs in microblaze_0/libsrc/bram_v4_5/src"

TRACE::2024-02-26.12:26:50::SCWMssOS::make -C microblaze_0/libsrc/bram_v4_5/src -s libs  "SHELL=CMD" "COMPILER=mb-gcc" "ASSEMBLER=mb-as" "ARCHIVER=mb-ar" "COMPILER_F
TRACE::2024-02-26.12:26:50::SCWMssOS::LAGS=  -O2 -c -mcpu=v11.0 -mlittle-endian -mxl-soft-mul" "EXTRA_COMPILER_FLAGS=-g -ffunction-sections -fdata-sections -Wall -We
TRACE::2024-02-26.12:26:50::SCWMssOS::xtra"

TRACE::2024-02-26.12:26:50::SCWMssOS::"Running Make libs in microblaze_0/libsrc/cpu_v2_12/src"

TRACE::2024-02-26.12:26:50::SCWMssOS::make -C microblaze_0/libsrc/cpu_v2_12/src -s libs  "SHELL=CMD" "COMPILER=mb-gcc" "ASSEMBLER=mb-as" "ARCHIVER=mb-ar" "COMPILER_F
TRACE::2024-02-26.12:26:50::SCWMssOS::LAGS=  -O2 -c -mcpu=v11.0 -mlittle-endian -mxl-soft-mul" "EXTRA_COMPILER_FLAGS=-g -ffunction-sections -fdata-sections -Wall -We
TRACE::2024-02-26.12:26:50::SCWMssOS::xtra"

TRACE::2024-02-26.12:26:50::SCWMssOS::"Running Make libs in microblaze_0/libsrc/gpio_v4_7/src"

TRACE::2024-02-26.12:26:50::SCWMssOS::make -C microblaze_0/libsrc/gpio_v4_7/src -s libs  "SHELL=CMD" "COMPILER=mb-gcc" "ASSEMBLER=mb-as" "ARCHIVER=mb-ar" "COMPILER_F
TRACE::2024-02-26.12:26:50::SCWMssOS::LAGS=  -O2 -c -mcpu=v11.0 -mlittle-endian -mxl-soft-mul" "EXTRA_COMPILER_FLAGS=-g -ffunction-sections -fdata-sections -Wall -We
TRACE::2024-02-26.12:26:50::SCWMssOS::xtra"

TRACE::2024-02-26.12:26:50::SCWMssOS::"Running Make libs in microblaze_0/libsrc/intc_v3_12/src"

TRACE::2024-02-26.12:26:50::SCWMssOS::make -C microblaze_0/libsrc/intc_v3_12/src -s libs  "SHELL=CMD" "COMPILER=mb-gcc" "ASSEMBLER=mb-as" "ARCHIVER=mb-ar" "COMPILER_
TRACE::2024-02-26.12:26:50::SCWMssOS::FLAGS=  -O2 -c -mcpu=v11.0 -mlittle-endian -mxl-soft-mul" "EXTRA_COMPILER_FLAGS=-g -ffunction-sections -fdata-sections -Wall -W
TRACE::2024-02-26.12:26:50::SCWMssOS::extra"

TRACE::2024-02-26.12:26:50::SCWMssOS::"Running Make libs in microblaze_0/libsrc/standalone_v7_3/src"

TRACE::2024-02-26.12:26:50::SCWMssOS::make -C microblaze_0/libsrc/standalone_v7_3/src -s libs  "SHELL=CMD" "COMPILER=mb-gcc" "ASSEMBLER=mb-as" "ARCHIVER=mb-ar" "COMP
TRACE::2024-02-26.12:26:50::SCWMssOS::ILER_FLAGS=  -O2 -c -mcpu=v11.0 -mlittle-endian -mxl-soft-mul" "EXTRA_COMPILER_FLAGS=-g -ffunction-sections -fdata-sections -Wa
TRACE::2024-02-26.12:26:50::SCWMssOS::ll -Wextra"

TRACE::2024-02-26.12:26:59::SCWMssOS::"DEBUG NON_LTO_OBJECTS is ../../../lib/microblaze_interrupt_handler.o"

TRACE::2024-02-26.12:27:02::SCWMssOS::'Finished building libraries parallelly.'

TRACE::2024-02-26.12:27:02::SCWMssOS::make --no-print-directory archive

TRACE::2024-02-26.12:27:02::SCWMssOS::mb-ar -r  microblaze_0/lib/libxil.a microblaze_0/lib/xplatform_info.o microblaze_0/lib/microblaze_disable_exceptions.o microbla
TRACE::2024-02-26.12:27:02::SCWMssOS::ze_0/lib/print.o microblaze_0/lib/_exit.o microblaze_0/lib/xil_testio.o microblaze_0/lib/microblaze_disable_dcache.o microblaze
TRACE::2024-02-26.12:27:02::SCWMssOS::_0/lib/microblaze_flush_dcache_range.o microblaze_0/lib/microblaze_flush_cache_ext.o microblaze_0/lib/xbram_sinit.o microblaze_
TRACE::2024-02-26.12:27:02::SCWMssOS::0/lib/xil_misc_psreset_api.o microblaze_0/lib/xil_cache.o microblaze_0/lib/xil_util.o microblaze_0/lib/inbyte.o microblaze_0/li
TRACE::2024-02-26.12:27:02::SCWMssOS::b/xintc_intr.o microblaze_0/lib/microblaze_exception_handler.o microblaze_0/lib/xbram_g.o microblaze_0/lib/microblaze_scrub.o m
TRACE::2024-02-26.12:27:02::SCWMssOS::icroblaze_0/lib/microblaze_invalidate_dcache.o microblaze_0/lib/microblaze_disable_interrupts.o microblaze_0/lib/xbram_selftest
TRACE::2024-02-26.12:27:02::SCWMssOS::.o microblaze_0/lib/microblaze_interrupt_handler.o microblaze_0/lib/microblaze_disable_icache.o microblaze_0/lib/xgpio_g.o micr
TRACE::2024-02-26.12:27:02::SCWMssOS::oblaze_0/lib/xil_mem.o microblaze_0/lib/microblaze_flush_cache_ext_range.o microblaze_0/lib/xbram_intr.o microblaze_0/lib/xil_s
TRACE::2024-02-26.12:27:02::SCWMssOS::leepcommon.o microblaze_0/lib/xil_printf.o microblaze_0/lib/xintc_g.o microblaze_0/lib/xintc_selftest.o microblaze_0/lib/xintc_
TRACE::2024-02-26.12:27:02::SCWMssOS::l.o microblaze_0/lib/outbyte.o microblaze_0/lib/microblaze_enable_exceptions.o microblaze_0/lib/xgpio_intr.o microblaze_0/lib/m
TRACE::2024-02-26.12:27:02::SCWMssOS::icroblaze_invalidate_dcache_range.o microblaze_0/lib/microblaze_invalidate_cache_ext.o microblaze_0/lib/microblaze_sleep.o micr
TRACE::2024-02-26.12:27:02::SCWMssOS::oblaze_0/lib/hw_exception_handler.o microblaze_0/lib/xgpio_sinit.o microblaze_0/lib/microblaze_update_dcache.o microblaze_0/lib
TRACE::2024-02-26.12:27:02::SCWMssOS::/xil_testcache.o microblaze_0/lib/microblaze_selftest.o microblaze_0/lib/microblaze_interrupts_g.o microblaze_0/lib/xio.o micro
TRACE::2024-02-26.12:27:02::SCWMssOS::blaze_0/lib/microblaze_enable_dcache.o microblaze_0/lib/xbram.o microblaze_0/lib/microblaze_invalidate_icache_range.o microblaz
TRACE::2024-02-26.12:27:02::SCWMssOS::e_0/lib/microblaze_init_dcache_range.o microblaze_0/lib/microblaze_invalidate_icache.o microblaze_0/lib/errno.o microblaze_0/li
TRACE::2024-02-26.12:27:02::SCWMssOS::b/xintc_options.o microblaze_0/lib/microblaze_invalidate_cache_ext_range.o microblaze_0/lib/xil_exception.o microblaze_0/lib/pv
TRACE::2024-02-26.12:27:02::SCWMssOS::r.o microblaze_0/lib/xgpio.o microblaze_0/lib/xil_testmem.o microblaze_0/lib/microblaze_update_icache.o microblaze_0/lib/microb
TRACE::2024-02-26.12:27:02::SCWMssOS::laze_flush_dcache.o microblaze_0/lib/xil_clocking.o microblaze_0/lib/xil_assert.o microblaze_0/lib/microblaze_enable_interrupts
TRACE::2024-02-26.12:27:02::SCWMssOS::.o microblaze_0/lib/xgpio_extra.o microblaze_0/lib/microblaze_enable_icache.o microblaze_0/lib/xintc.o microblaze_0/lib/microbl
TRACE::2024-02-26.12:27:02::SCWMssOS::aze_init_icache_range.o microblaze_0/lib/fcntl.o microblaze_0/lib/xgpio_selftest.o

TRACE::2024-02-26.12:27:02::SCWMssOS::'Finished building libraries'

TRACE::2024-02-26.12:27:02::SCWMssOS::Copying to export directory.
TRACE::2024-02-26.12:27:03::SCWMssOS:: Checking if to create the Supporting Applications
TRACE::2024-02-26.12:27:03::SCWMssOS:: No Linux domain exists, trying to generate FSBL 
LOG::2024-02-26.12:27:03::SCWSystem::Completed Processing the domain standalone_domain
LOG::2024-02-26.12:27:03::SCWSystem::Completed Processing the sysconfig TP3_HW
LOG::2024-02-26.12:27:03::SCWPlatform::Completed generating the artifacts for system configuration TP3_HW
TRACE::2024-02-26.12:27:03::SCWPlatform::Started preparing the platform 
TRACE::2024-02-26.12:27:03::SCWSystem::Writing the bif file for system config TP3_HW
TRACE::2024-02-26.12:27:03::SCWSystem::dir created 
TRACE::2024-02-26.12:27:03::SCWSystem::Writing the bif 
TRACE::2024-02-26.12:27:03::SCWPlatform::Started writing the spfm file 
TRACE::2024-02-26.12:27:03::SCWPlatform::Started writing the xpfm file 
TRACE::2024-02-26.12:27:03::SCWPlatform::Completed generating the platform
TRACE::2024-02-26.12:27:03::SCWMssOS::Saving the mss changes C:/Users/UserTP/Desktop/FPGA1-main/Partie3/workspace/TP3_HW/microblaze_0/standalone_domain/bsp/system.mss
TRACE::2024-02-26.12:27:03::SCWMssOS::Found a swdesign opened with the mssfile.
TRACE::2024-02-26.12:27:03::SCWMssOS::Completed writemss as part of save.
TRACE::2024-02-26.12:27:03::SCWMssOS::Commit changes completed.
TRACE::2024-02-26.12:27:03::SCWPlatform::Trying to open the hw design at C:/Users/UserTP/Desktop/FPGA1-main/Partie3/workspace/TP3_HW/hw/TP3_wrapper.xsa
TRACE::2024-02-26.12:27:03::SCWPlatform::DSA given C:/Users/UserTP/Desktop/FPGA1-main/Partie3/workspace/TP3_HW/hw/TP3_wrapper.xsa
TRACE::2024-02-26.12:27:03::SCWPlatform::DSA absoulate path C:/Users/UserTP/Desktop/FPGA1-main/Partie3/workspace/TP3_HW/hw/TP3_wrapper.xsa
TRACE::2024-02-26.12:27:03::SCWPlatform::DSA directory C:/Users/UserTP/Desktop/FPGA1-main/Partie3/workspace/TP3_HW/hw
TRACE::2024-02-26.12:27:03::SCWPlatform:: Platform Path C:/Users/UserTP/Desktop/FPGA1-main/Partie3/workspace/TP3_HW/hw/TP3_wrapper.xsa
TRACE::2024-02-26.12:27:03::SCWPlatform:: Unique name xilinx:basys3::0.0
TRACE::2024-02-26.12:27:03::SCWPlatform::Trying to set the existing hwdb with name TP3_wrapper_1
TRACE::2024-02-26.12:27:03::SCWPlatform::Opened existing hwdb TP3_wrapper_1
TRACE::2024-02-26.12:27:03::SCWPlatform::Found the Hw Db part of the input DSA
TRACE::2024-02-26.12:27:03::SCWMssOS::Checking the sw design at  C:/Users/UserTP/Desktop/FPGA1-main/Partie3/workspace/TP3_HW/microblaze_0/standalone_domain/bsp/system.mss
TRACE::2024-02-26.12:27:03::SCWMssOS::DEBUG:  swdes dump  C:/Users/UserTP/Desktop/FPGA1-main/Partie3/workspace/TP3_HW/microblaze_0/standalone_domain/bsp/system.mss|system||

TRACE::2024-02-26.12:27:03::SCWMssOS::Sw design exists and opened at  C:/Users/UserTP/Desktop/FPGA1-main/Partie3/workspace/TP3_HW/microblaze_0/standalone_domain/bsp/system.mss
TRACE::2024-02-26.12:27:03::SCWWriter::formatted JSON is {
	"platformName":	"TP3_HW",
	"sprVersion":	"2.0",
	"mode":	"gui",
	"dsaType":	"Fixed",
	"platformDesc":	"TP3_HW",
	"platHandOff":	"C:/Users/UserTP/Desktop/FPGA1-main/Partie 2/project_2/TP3_wrapper.xsa",
	"platIntHandOff":	"<platformDir>/hw/TP3_wrapper.xsa",
	"deviceType":	"FPGA",
	"platIsPrebuiltAutogen":	"false",
	"platIsNoBootBsp":	"false",
	"hasFsblMakeHasChanges":	"false",
	"hasPmufwMakeHasChanges":	"false",
	"platPreBuiltFlag":	false,
	"platformSamplesDir":	"",
	"platActiveSys":	"TP3_HW",
	"systems":	[{
			"systemName":	"TP3_HW",
			"systemDesc":	"TP3_HW",
			"sysIsBootAutoGen":	"true",
			"systemDispName":	"TP3_HW",
			"sysActiveDom":	"standalone_domain",
			"sysDefaultDom":	"standalone_domain",
			"domains":	[{
					"domainName":	"standalone_domain",
					"domainDispName":	"standalone on microblaze_0",
					"domainDesc":	"standalone_domain",
					"processors":	"microblaze_0",
					"os":	"standalone",
					"sdxOs":	"standalone",
					"debugEnable":	"False",
					"domRuntimes":	["cpp"],
					"swRepo":	"",
					"mssOsVer":	"7.3",
					"mssFile":	"",
					"md5Digest":	"4f64c1204a8968c19ebd5f5caca20144",
					"compatibleApp":	"",
					"domType":	"mssDomain",
					"arch":	"32-bit",
					"appSettings":	{
						"appCompilerFlags":	"",
						"appLinkerFlags":	""
					},
					"addedLibs":	[],
					"libOptions":	{
						"libsContainingOptions":	[]
					},
					"prebuiltLibs":	{
						"prebuiltIncPath":	[],
						"prebuiltLibPath":	[]
					},
					"isolation":	{
					}
				}]
		}]
}
KEYINFO::2024-02-26.12:27:03::SCWPlatform::updated the xpfm file.
TRACE::2024-02-26.12:27:03::SCWPlatform::Trying to open the hw design at C:/Users/UserTP/Desktop/FPGA1-main/Partie3/workspace/TP3_HW/hw/TP3_wrapper.xsa
TRACE::2024-02-26.12:27:03::SCWPlatform::DSA given C:/Users/UserTP/Desktop/FPGA1-main/Partie3/workspace/TP3_HW/hw/TP3_wrapper.xsa
TRACE::2024-02-26.12:27:03::SCWPlatform::DSA absoulate path C:/Users/UserTP/Desktop/FPGA1-main/Partie3/workspace/TP3_HW/hw/TP3_wrapper.xsa
TRACE::2024-02-26.12:27:03::SCWPlatform::DSA directory C:/Users/UserTP/Desktop/FPGA1-main/Partie3/workspace/TP3_HW/hw
TRACE::2024-02-26.12:27:03::SCWPlatform:: Platform Path C:/Users/UserTP/Desktop/FPGA1-main/Partie3/workspace/TP3_HW/hw/TP3_wrapper.xsa
TRACE::2024-02-26.12:27:03::SCWPlatform:: Unique name xilinx:basys3::0.0
TRACE::2024-02-26.12:27:03::SCWPlatform::Trying to set the existing hwdb with name TP3_wrapper_1
TRACE::2024-02-26.12:27:03::SCWPlatform::Opened existing hwdb TP3_wrapper_1
TRACE::2024-02-26.12:27:03::SCWPlatform::Found the Hw Db part of the input DSA
TRACE::2024-02-26.12:27:03::SCWMssOS::Checking the sw design at  C:/Users/UserTP/Desktop/FPGA1-main/Partie3/workspace/TP3_HW/microblaze_0/standalone_domain/bsp/system.mss
TRACE::2024-02-26.12:27:03::SCWMssOS::DEBUG:  swdes dump  C:/Users/UserTP/Desktop/FPGA1-main/Partie3/workspace/TP3_HW/microblaze_0/standalone_domain/bsp/system.mss|system||

TRACE::2024-02-26.12:27:03::SCWMssOS::Sw design exists and opened at  C:/Users/UserTP/Desktop/FPGA1-main/Partie3/workspace/TP3_HW/microblaze_0/standalone_domain/bsp/system.mss
