12:19:25 INFO  : Registering command handlers for Vitis TCF services
12:19:25 INFO  : Launching XSCT server: xsct.bat -n  -interactive C:\Users\UserTP\Desktop\FPGA1-main\Partie3\workspace\temp_xsdb_launch_script.tcl
12:19:27 INFO  : XSCT server has started successfully.
12:19:27 INFO  : Successfully done setting XSCT server connection channel  
12:19:27 INFO  : plnx-install-location is set to ''
12:19:27 INFO  : Successfully done query RDI_DATADIR 
12:19:27 INFO  : Successfully done setting workspace for the tool. 
12:19:27 INFO  : Platform repository initialization has completed.
12:23:28 INFO  : Launching XSCT server: xsct.bat -n  -interactive C:\Users\UserTP\Desktop\FPGA1-main\Partie3\workspace\temp_xsdb_launch_script.tcl
12:23:29 INFO  : Registering command handlers for Vitis TCF services
12:23:30 INFO  : XSCT server has started successfully.
12:23:30 INFO  : Successfully done setting XSCT server connection channel  
12:23:30 INFO  : plnx-install-location is set to ''
12:23:30 INFO  : Successfully done query RDI_DATADIR 
12:23:30 INFO  : Successfully done setting workspace for the tool. 
12:23:31 INFO  : Platform repository initialization has completed.
12:24:22 INFO  : Result from executing command 'getProjects': TP3_HW
12:24:22 INFO  : Result from executing command 'getPlatforms': 
12:27:03 INFO  : Result from executing command 'getProjects': TP3_HW
12:27:03 INFO  : Result from executing command 'getPlatforms': TP3_HW|C:/Users/UserTP/Desktop/FPGA1-main/Partie3/workspace/TP3_HW/export/TP3_HW/TP3_HW.xpfm
12:27:03 INFO  : Checking for BSP changes to sync application flags for project 'TP3_SW'...
